<?xml version="1.0" encoding="UTF-8"?>
<!-- Generated by org.testng.reporters.JUnitReportReporter -->
<testsuite hostname="DESKTOP-SEKDPB4" failures="0" tests="8" name="testNgpack.VerifyForgotPasswordPage" time="0.550" errors="2" timestamp="2023-04-19T08:20:15 IST" skipped="6">
  <testcase classname="testNgpack.VerifyForgotPasswordPage" name="verifySearchFunctionOnForgotPasswordPage" time="0.000">
    <skipped/>
  </testcase> <!-- verifySearchFunctionOnForgotPasswordPage -->
  <system-out/>
  <testcase classname="testNgpack.VerifyForgotPasswordPage" name="verifyCancelButtonOnForgotPasswordPage" time="0.000">
    <skipped/>
  </testcase> <!-- verifyCancelButtonOnForgotPasswordPage -->
  <system-out/>
  <testcase classname="testNgpack.VerifyForgotPasswordPage" name="verifyMessageOnForgotPasswordPage" time="0.001">
    <skipped/>
  </testcase> <!-- verifyMessageOnForgotPasswordPage -->
  <system-out/>
  <testcase classname="testNgpack.VerifyForgotPasswordPage" name="openBrowser" time="0.229">
    <error message="Cannot invoke &quot;org.openqa.selenium.WebDriver.manage()&quot; because &quot;this.driver&quot; is null" type="java.lang.NullPointerException">
      <![CDATA[java.lang.NullPointerException: Cannot invoke "org.openqa.selenium.WebDriver.manage()" because "this.driver" is null
at testNgpack.VerifyForgotPasswordPage.openBrowser(VerifyForgotPasswordPage.java:63)
at java.base/jdk.internal.reflect.DirectMethodHandleAccessor.invoke(DirectMethodHandleAccessor.java:104)
at java.base/java.lang.reflect.Method.invoke(Method.java:577)
at org.testng.internal.MethodInvocationHelper.invokeMethod(MethodInvocationHelper.java:133)
at org.testng.internal.MethodInvocationHelper.invokeMethodConsideringTimeout(MethodInvocationHelper.java:62)
at org.testng.internal.ConfigInvoker.invokeConfigurationMethod(ConfigInvoker.java:385)
at org.testng.internal.ConfigInvoker.invokeConfigurations(ConfigInvoker.java:321)
at org.testng.TestRunner.invokeTestConfigurations(TestRunner.java:637)
at org.testng.TestRunner.beforeRun(TestRunner.java:627)
at org.testng.TestRunner.run(TestRunner.java:589)
at org.testng.SuiteRunner.runTest(SuiteRunner.java:377)
at org.testng.SuiteRunner.access$000(SuiteRunner.java:28)
at org.testng.SuiteRunner$SuiteWorker.run(SuiteRunner.java:418)
at org.testng.internal.thread.ThreadUtil.lambda$execute$0(ThreadUtil.java:64)
at java.base/java.util.concurrent.FutureTask.run(FutureTask.java:264)
at java.base/java.util.concurrent.ThreadPoolExecutor.runWorker(ThreadPoolExecutor.java:1136)
at java.base/java.util.concurrent.ThreadPoolExecutor$Worker.run(ThreadPoolExecutor.java:635)
at java.base/java.lang.Thread.run(Thread.java:833)
]]>
    </error>
  </testcase> <!-- openBrowser -->
  <system-out/>
  <testcase classname="testNgpack.VerifyForgotPasswordPage" name="verifyCancelButtonOnForgotPasswordPage" time="0.000">
    <skipped/>
  </testcase> <!-- verifyCancelButtonOnForgotPasswordPage -->
  <system-out/>
  <testcase classname="testNgpack.VerifyForgotPasswordPage" name="openBrowser" time="0.320">
    <error message="The driver executable does not exist: C:\Users\akash\eclipse-workspace\2022\Q4\Maven_05thNov\src\test\resources\browserFile\chromedriver.exe" type="java.lang.IllegalStateException">
      <![CDATA[java.lang.IllegalStateException: The driver executable does not exist: C:\Users\akash\eclipse-workspace\2022\Q4\Maven_05thNov\src\test\resources\browserFile\chromedriver.exe
at com.google.common.base.Preconditions.checkState(Preconditions.java:585)
at org.openqa.selenium.remote.service.DriverService.checkExecutable(DriverService.java:146)
at org.openqa.selenium.remote.service.DriverService.findExecutable(DriverService.java:141)
at org.openqa.selenium.chrome.ChromeDriverService.access$000(ChromeDriverService.java:35)
at org.openqa.selenium.chrome.ChromeDriverService$Builder.findDefaultExecutable(ChromeDriverService.java:159)
at org.openqa.selenium.remote.service.DriverService$Builder.build(DriverService.java:355)
at org.openqa.selenium.chrome.ChromeDriverService.createDefaultService(ChromeDriverService.java:94)
at org.openqa.selenium.chrome.ChromeDriver.<init>(ChromeDriver.java:123)
at browsersSetup.Base.openChromeBrowser(Base.java:12)
at testNgpack.VerifyForgotPasswordPage.openBrowser(VerifyForgotPasswordPage.java:51)
at java.base/jdk.internal.reflect.DirectMethodHandleAccessor.invoke(DirectMethodHandleAccessor.java:104)
at java.base/java.lang.reflect.Method.invoke(Method.java:577)
at org.testng.internal.MethodInvocationHelper.invokeMethod(MethodInvocationHelper.java:133)
at org.testng.internal.MethodInvocationHelper.invokeMethodConsideringTimeout(MethodInvocationHelper.java:62)
at org.testng.internal.ConfigInvoker.invokeConfigurationMethod(ConfigInvoker.java:385)
at org.testng.internal.ConfigInvoker.invokeConfigurations(ConfigInvoker.java:321)
at org.testng.TestRunner.invokeTestConfigurations(TestRunner.java:637)
at org.testng.TestRunner.beforeRun(TestRunner.java:627)
at org.testng.TestRunner.run(TestRunner.java:589)
at org.testng.SuiteRunner.runTest(SuiteRunner.java:377)
at org.testng.SuiteRunner.access$000(SuiteRunner.java:28)
at org.testng.SuiteRunner$SuiteWorker.run(SuiteRunner.java:418)
at org.testng.internal.thread.ThreadUtil.lambda$execute$0(ThreadUtil.java:64)
at java.base/java.util.concurrent.FutureTask.run(FutureTask.java:264)
at java.base/java.util.concurrent.ThreadPoolExecutor.runWorker(ThreadPoolExecutor.java:1136)
at java.base/java.util.concurrent.ThreadPoolExecutor$Worker.run(ThreadPoolExecutor.java:635)
at java.base/java.lang.Thread.run(Thread.java:833)
]]>
    </error>
  </testcase> <!-- openBrowser -->
  <system-out/>
  <testcase classname="testNgpack.VerifyForgotPasswordPage" name="verifySearchFunctionOnForgotPasswordPage" time="0.000">
    <skipped/>
  </testcase> <!-- verifySearchFunctionOnForgotPasswordPage -->
  <system-out/>
  <testcase classname="testNgpack.VerifyForgotPasswordPage" name="verifyMessageOnForgotPasswordPage" time="0.000">
    <skipped/>
  </testcase> <!-- verifyMessageOnForgotPasswordPage -->
  <system-out/>
</testsuite> <!-- testNgpack.VerifyForgotPasswordPage -->
