<?xml version="1.0" encoding="UTF-8"?>
<!-- Generated by org.testng.reporters.JUnitXMLReporter -->
<testsuite ignored="0" hostname="DESKTOP-SEKDPB4" failures="0" tests="6" name="ChromeTest" time="0.391" errors="0" timestamp="2023-04-19T08:20:15 IST">
  <testcase classname="testNgpack.VerifyForgotPasswordPage" name="@BeforeTest openBrowser" time="0.229">
    <failure type="java.lang.NullPointerException" message="Cannot invoke &amp;quot;org.openqa.selenium.WebDriver.manage()&amp;quot; because &amp;quot;this.driver&amp;quot; is null">
      <![CDATA[java.lang.NullPointerException: Cannot invoke "org.openqa.selenium.WebDriver.manage()" because "this.driver" is null
at testNgpack.VerifyForgotPasswordPage.openBrowser(VerifyForgotPasswordPage.java:63)
at java.base/java.util.concurrent.FutureTask.run(FutureTask.java:264)
at java.base/java.util.concurrent.ThreadPoolExecutor.runWorker(ThreadPoolExecutor.java:1136)
at java.base/java.util.concurrent.ThreadPoolExecutor$Worker.run(ThreadPoolExecutor.java:635)
at java.base/java.lang.Thread.run(Thread.java:833)
... Removed 13 stack frames]]>
    </failure>
  </testcase> <!-- @BeforeTest openBrowser -->
  <testcase classname="testNgpack.VerifySignUPPage" name="@BeforeTest openBrowser" time="-1.681872615689E9">
    <skipped/>
  </testcase> <!-- @BeforeTest openBrowser -->
  <testcase classname="testNgpack.VerifyForgotPasswordPage" name="@BeforeClass creatPOMObject" time="-1.681872615714E9">
    <skipped/>
  </testcase> <!-- @BeforeClass creatPOMObject -->
  <testcase classname="testNgpack.VerifySignUPPage" name="@BeforeClass creatPOMObject" time="-1.681872615714E9">
    <skipped/>
  </testcase> <!-- @BeforeClass creatPOMObject -->
  <testcase classname="testNgpack.VerifyForgotPasswordPage" name="@BeforeMethod goToForgotPasswordPage" time="-1.68187261573E9">
    <skipped/>
  </testcase> <!-- @BeforeMethod goToForgotPasswordPage -->
  <testcase classname="testNgpack.VerifySignUPPage" name="@BeforeMethod goToForgotPasswordPage" time="-1.68187261573E9">
    <skipped/>
  </testcase> <!-- @BeforeMethod goToForgotPasswordPage -->
  <testcase classname="testNgpack.VerifySignUPPage" name="@AfterMethod logOutFromApplication" time="-1.681872615741E9">
    <skipped/>
  </testcase> <!-- @AfterMethod logOutFromApplication -->
  <testcase classname="testNgpack.VerifyForgotPasswordPage" name="@AfterMethod logOutFromApplication" time="-1.681872615742E9">
    <skipped/>
  </testcase> <!-- @AfterMethod logOutFromApplication -->
  <testcase classname="testNgpack.VerifySignUPPage" name="@BeforeMethod goToForgotPasswordPage" time="-1.681872615745E9">
    <skipped/>
  </testcase> <!-- @BeforeMethod goToForgotPasswordPage -->
  <testcase classname="testNgpack.VerifyForgotPasswordPage" name="@BeforeMethod goToForgotPasswordPage" time="-1.681872615747E9">
    <skipped/>
  </testcase> <!-- @BeforeMethod goToForgotPasswordPage -->
  <testcase classname="testNgpack.VerifySignUPPage" name="@AfterMethod logOutFromApplication" time="-1.681872615757E9">
    <skipped/>
  </testcase> <!-- @AfterMethod logOutFromApplication -->
  <testcase classname="testNgpack.VerifyForgotPasswordPage" name="@AfterMethod logOutFromApplication" time="-1.681872615758E9">
    <skipped/>
  </testcase> <!-- @AfterMethod logOutFromApplication -->
  <testcase classname="testNgpack.VerifyForgotPasswordPage" name="@BeforeTest openBrowser" time="0.32">
    <failure type="java.lang.IllegalStateException" message="The driver executable does not exist: C:\Users\akash\eclipse-workspace\2022\Q4\Maven_05thNov\src\test\resources\browserFile\chromedriver.exe">
      <![CDATA[java.lang.IllegalStateException: The driver executable does not exist: C:\Users\akash\eclipse-workspace\2022\Q4\Maven_05thNov\src\test\resources\browserFile\chromedriver.exe
at com.google.common.base.Preconditions.checkState(Preconditions.java:585)
at org.openqa.selenium.remote.service.DriverService.checkExecutable(DriverService.java:146)
at org.openqa.selenium.remote.service.DriverService.findExecutable(DriverService.java:141)
at org.openqa.selenium.chrome.ChromeDriverService.access$000(ChromeDriverService.java:35)
at org.openqa.selenium.chrome.ChromeDriverService$Builder.findDefaultExecutable(ChromeDriverService.java:159)
at org.openqa.selenium.remote.service.DriverService$Builder.build(DriverService.java:355)
at org.openqa.selenium.chrome.ChromeDriverService.createDefaultService(ChromeDriverService.java:94)
at org.openqa.selenium.chrome.ChromeDriver.<init>(ChromeDriver.java:123)
at browsersSetup.Base.openChromeBrowser(Base.java:12)
at testNgpack.VerifyForgotPasswordPage.openBrowser(VerifyForgotPasswordPage.java:51)
at java.base/java.util.concurrent.FutureTask.run(FutureTask.java:264)
at java.base/java.util.concurrent.ThreadPoolExecutor.runWorker(ThreadPoolExecutor.java:1136)
at java.base/java.util.concurrent.ThreadPoolExecutor$Worker.run(ThreadPoolExecutor.java:635)
at java.base/java.lang.Thread.run(Thread.java:833)
... Removed 13 stack frames]]>
    </failure>
  </testcase> <!-- @BeforeTest openBrowser -->
  <testcase classname="testNgpack.VerifySignUPPage" name="@BeforeTest openBrowser" time="-1.681872615765E9">
    <skipped/>
  </testcase> <!-- @BeforeTest openBrowser -->
  <testcase classname="testNgpack.VerifySignUPPage" name="@BeforeMethod goToForgotPasswordPage" time="-1.68187261576E9">
    <skipped/>
  </testcase> <!-- @BeforeMethod goToForgotPasswordPage -->
  <testcase classname="testNgpack.VerifyForgotPasswordPage" name="@BeforeMethod goToForgotPasswordPage" time="-1.681872615762E9">
    <skipped/>
  </testcase> <!-- @BeforeMethod goToForgotPasswordPage -->
  <testcase classname="testNgpack.VerifySignUPPage" name="@BeforeClass creatPOMObject" time="-1.681872615769E9">
    <skipped/>
  </testcase> <!-- @BeforeClass creatPOMObject -->
  <testcase classname="testNgpack.VerifyForgotPasswordPage" name="@BeforeClass creatPOMObject" time="-1.681872615769E9">
    <skipped/>
  </testcase> <!-- @BeforeClass creatPOMObject -->
  <testcase classname="testNgpack.VerifySignUPPage" name="@BeforeMethod goToForgotPasswordPage" time="-1.681872615775E9">
    <skipped/>
  </testcase> <!-- @BeforeMethod goToForgotPasswordPage -->
  <testcase classname="testNgpack.VerifyForgotPasswordPage" name="@BeforeMethod goToForgotPasswordPage" time="-1.681872615776E9">
    <skipped/>
  </testcase> <!-- @BeforeMethod goToForgotPasswordPage -->
  <testcase classname="testNgpack.VerifyForgotPasswordPage" name="@AfterMethod logOutFromApplication" time="-1.681872615777E9">
    <skipped/>
  </testcase> <!-- @AfterMethod logOutFromApplication -->
  <testcase classname="testNgpack.VerifySignUPPage" name="@AfterMethod logOutFromApplication" time="-1.681872615781E9">
    <skipped/>
  </testcase> <!-- @AfterMethod logOutFromApplication -->
  <testcase classname="testNgpack.VerifySignUPPage" name="@BeforeMethod goToForgotPasswordPage" time="-1.681872615784E9">
    <skipped/>
  </testcase> <!-- @BeforeMethod goToForgotPasswordPage -->
  <testcase classname="testNgpack.VerifySignUPPage" name="@AfterMethod logOutFromApplication" time="-1.681872615778E9">
    <skipped/>
  </testcase> <!-- @AfterMethod logOutFromApplication -->
  <testcase classname="testNgpack.VerifyForgotPasswordPage" name="@AfterClass clearObjects" time="-1.681872615783E9">
    <skipped/>
  </testcase> <!-- @AfterClass clearObjects -->
  <testcase classname="testNgpack.VerifySignUPPage" name="@AfterMethod logOutFromApplication" time="-1.681872615791E9">
    <skipped/>
  </testcase> <!-- @AfterMethod logOutFromApplication -->
  <testcase classname="testNgpack.VerifyForgotPasswordPage" name="@AfterMethod logOutFromApplication" time="-1.68187261579E9">
    <skipped/>
  </testcase> <!-- @AfterMethod logOutFromApplication -->
  <testcase classname="testNgpack.VerifySignUPPage" name="@BeforeMethod goToForgotPasswordPage" time="-1.681872615792E9">
    <skipped/>
  </testcase> <!-- @BeforeMethod goToForgotPasswordPage -->
  <testcase classname="testNgpack.VerifySignUPPage" name="@AfterClass clearObjects" time="-1.681872615787E9">
    <skipped/>
  </testcase> <!-- @AfterClass clearObjects -->
  <testcase classname="testNgpack.VerifyForgotPasswordPage" name="@BeforeMethod goToForgotPasswordPage" time="-1.681872615794E9">
    <skipped/>
  </testcase> <!-- @BeforeMethod goToForgotPasswordPage -->
  <testcase classname="testNgpack.VerifyForgotPasswordPage" name="@AfterTest closedBrowser" time="-1.681872615803E9">
    <skipped/>
  </testcase> <!-- @AfterTest closedBrowser -->
  <testcase classname="testNgpack.VerifySignUPPage" name="@AfterMethod logOutFromApplication" time="-1.681872615806E9">
    <skipped/>
  </testcase> <!-- @AfterMethod logOutFromApplication -->
  <testcase classname="testNgpack.VerifySignUPPage" name="@AfterTest closedBrowser" time="-1.681872615807E9">
    <skipped/>
  </testcase> <!-- @AfterTest closedBrowser -->
  <testcase classname="testNgpack.VerifySignUPPage" name="@AfterClass clearObjects" time="-1.681872615809E9">
    <skipped/>
  </testcase> <!-- @AfterClass clearObjects -->
  <testcase classname="testNgpack.VerifyForgotPasswordPage" name="@AfterMethod logOutFromApplication" time="-1.681872615812E9">
    <skipped/>
  </testcase> <!-- @AfterMethod logOutFromApplication -->
  <testcase classname="testNgpack.VerifyForgotPasswordPage" name="@BeforeMethod goToForgotPasswordPage" time="-1.681872615814E9">
    <skipped/>
  </testcase> <!-- @BeforeMethod goToForgotPasswordPage -->
  <testcase classname="testNgpack.VerifyForgotPasswordPage" name="@AfterMethod logOutFromApplication" time="-1.681872615817E9">
    <skipped/>
  </testcase> <!-- @AfterMethod logOutFromApplication -->
  <testcase classname="testNgpack.VerifyForgotPasswordPage" name="@AfterClass clearObjects" time="-1.681872615818E9">
    <skipped/>
  </testcase> <!-- @AfterClass clearObjects -->
  <testcase classname="testNgpack.VerifyForgotPasswordPage" name="@AfterTest closedBrowser" time="-1.681872615821E9">
    <skipped/>
  </testcase> <!-- @AfterTest closedBrowser -->
  <testcase classname="testNgpack.VerifySignUPPage" name="@AfterTest closedBrowser" time="-1.681872615822E9">
    <skipped/>
  </testcase> <!-- @AfterTest closedBrowser -->
  <testcase classname="testNgpack.VerifySignUPPage" name="verifyErrorMessageONSignUoPage" time="0.0">
    <skipped/>
  </testcase> <!-- verifyErrorMessageONSignUoPage -->
  <testcase classname="testNgpack.VerifyForgotPasswordPage" name="verifyCancelButtonOnForgotPasswordPage" time="0.0">
    <skipped/>
  </testcase> <!-- verifyCancelButtonOnForgotPasswordPage -->
  <testcase classname="testNgpack.VerifySignUPPage" name="verifySignUpFunctonality" time="0.0">
    <skipped/>
  </testcase> <!-- verifySignUpFunctonality -->
  <testcase classname="testNgpack.VerifySignUPPage" name="verifySignupHiddenElement" time="0.0">
    <skipped/>
  </testcase> <!-- verifySignupHiddenElement -->
  <testcase classname="testNgpack.VerifyForgotPasswordPage" name="verifyMessageOnForgotPasswordPage" time="0.001">
    <skipped/>
  </testcase> <!-- verifyMessageOnForgotPasswordPage -->
  <testcase classname="testNgpack.VerifyForgotPasswordPage" name="verifySearchFunctionOnForgotPasswordPage" time="0.0">
    <skipped/>
  </testcase> <!-- verifySearchFunctionOnForgotPasswordPage -->
</testsuite> <!-- ChromeTest -->
