<!DOCTYPE html PUBLIC "-//W3C//DTD XHTML 1.1//EN" "https://www.w3.org/TR/xhtml11/DTD/xhtml11.dtd">
<html xmlns="https://www.w3.org/1999/xhtml">
<head>
<meta http-equiv="content-type" content="text/html; charset=UTF-8"/>
<title>TestNG Report</title>
<style type="text/css">table {margin-bottom:10px;border-collapse:collapse;empty-cells:show}th,td {border:1px solid #009;padding:.25em .5em}th {vertical-align:bottom}td {vertical-align:top}table a {font-weight:bold}.stripe td {background-color: #E6EBF9}.num {text-align:right}.passedodd td {background-color: #3F3}.passedeven td {background-color: #0A0}.skippedodd td {background-color: #DDD}.skippedeven td {background-color: #CCC}.failedodd td,.attn {background-color: #F33}.failedeven td,.stripe .attn {background-color: #D00}.stacktrace {white-space:pre;font-family:monospace}.totop {font-size:85%;text-align:center;border-bottom:2px solid #000}.invisible {display:none}</style>
</head>
<body>
<table>
<tr><th>Test</th><th># Passed</th><th># Skipped</th><th># Retried</th><th># Failed</th><th>Time (ms)</th><th>Included Groups</th><th>Excluded Groups</th></tr>
<tr><th colspan="8">Suite1234</th></tr>
<tr><td><a href="#t0">FirefoxTest</a></td><td class="num">0</td><td class="num attn">6</td><td class="num">0</td><td class="num">0</td><td class="num">378</td><td></td><td></td></tr>
<tr class="stripe"><td><a href="#t1">ChromeTest</a></td><td class="num">0</td><td class="num attn">6</td><td class="num">0</td><td class="num">0</td><td class="num">391</td><td></td><td></td></tr>
<tr><th>Total</th><th class="num">0</th><th class="num attn">12</th><th class="num">0</th><th class="num">0</th><th class="num">769</th><th colspan="2"></th></tr>
</table>
<table id='summary'><thead><tr><th>Class</th><th>Method</th><th>Start</th><th>Time (ms)</th></tr></thead><tbody><tr><th colspan="4">Suite1234</th></tr></tbody><tbody id="t0"><tr><th colspan="4">FirefoxTest &#8212; failed (configuration methods)</th></tr><tr class="failedeven"><td rowspan="1">testNgpack.VerifyForgotPasswordPage</td><td><a href="#m0">openBrowser</a></td><td rowspan="1">1681872615442</td><td rowspan="1">229</td></tr><tr><th colspan="4">FirefoxTest &#8212; skipped (configuration methods)</th></tr><tr class="skippedeven"><td rowspan="9">testNgpack.VerifyForgotPasswordPage</td><td><a href="#m1">clearObjects</a></td><td rowspan="1">1681872615783</td><td rowspan="1">-1681872615783</td></tr><tr class="skippedeven"><td><a href="#m2">closedBrowser</a></td><td rowspan="1">1681872615803</td><td rowspan="1">-1681872615803</td></tr><tr class="skippedeven"><td><a href="#m3">creatPOMObject</a></td><td rowspan="1">1681872615714</td><td rowspan="1">-1681872615714</td></tr><tr class="skippedeven"><td><a href="#m4">goToForgotPasswordPage</a></td><td rowspan="3">1681872615730</td><td rowspan="3">-1681872615730</td></tr><tr class="skippedeven"><td><a href="#m5">goToForgotPasswordPage</a></td></tr><tr class="skippedeven"><td><a href="#m6">goToForgotPasswordPage</a></td></tr><tr class="skippedeven"><td><a href="#m7">logOutFromApplication</a></td><td rowspan="3">1681872615777</td><td rowspan="3">-1681872615777</td></tr><tr class="skippedeven"><td><a href="#m8">logOutFromApplication</a></td></tr><tr class="skippedeven"><td><a href="#m9">logOutFromApplication</a></td></tr><tr class="skippedodd"><td rowspan="10">testNgpack.VerifySignUPPage</td><td><a href="#m10">clearObjects</a></td><td rowspan="1">1681872615787</td><td rowspan="1">-1681872615787</td></tr><tr class="skippedodd"><td><a href="#m11">closedBrowser</a></td><td rowspan="1">1681872615807</td><td rowspan="1">-1681872615807</td></tr><tr class="skippedodd"><td><a href="#m12">creatPOMObject</a></td><td rowspan="1">1681872615714</td><td rowspan="1">-1681872615714</td></tr><tr class="skippedodd"><td><a href="#m13">goToForgotPasswordPage</a></td><td rowspan="3">1681872615745</td><td rowspan="3">-1681872615745</td></tr><tr class="skippedodd"><td><a href="#m14">goToForgotPasswordPage</a></td></tr><tr class="skippedodd"><td><a href="#m15">goToForgotPasswordPage</a></td></tr><tr class="skippedodd"><td><a href="#m16">logOutFromApplication</a></td><td rowspan="3">1681872615757</td><td rowspan="3">-1681872615757</td></tr><tr class="skippedodd"><td><a href="#m17">logOutFromApplication</a></td></tr><tr class="skippedodd"><td><a href="#m18">logOutFromApplication</a></td></tr><tr class="skippedodd"><td><a href="#m19">openBrowser</a></td><td rowspan="1">1681872615689</td><td rowspan="1">-1681872615689</td></tr><tr><th colspan="4">FirefoxTest &#8212; skipped</th></tr><tr class="skippedeven"><td rowspan="3">testNgpack.VerifyForgotPasswordPage</td><td><a href="#m20">verifyCancelButtonOnForgotPasswordPage</a></td><td rowspan="1">1681872615735</td><td rowspan="1">0</td></tr><tr class="skippedeven"><td><a href="#m21">verifyMessageOnForgotPasswordPage</a></td><td rowspan="1">1681872615750</td><td rowspan="1">0</td></tr><tr class="skippedeven"><td><a href="#m22">verifySearchFunctionOnForgotPasswordPage</a></td><td rowspan="1">1681872615769</td><td rowspan="1">0</td></tr><tr class="skippedodd"><td rowspan="3">testNgpack.VerifySignUPPage</td><td><a href="#m23">verifyErrorMessageONSignUoPage</a></td><td rowspan="1">1681872615735</td><td rowspan="1">0</td></tr><tr class="skippedodd"><td><a href="#m24">verifySignUpFunctonality</a></td><td rowspan="1">1681872615750</td><td rowspan="1">0</td></tr><tr class="skippedodd"><td><a href="#m25">verifySignupHiddenElement</a></td><td rowspan="1">1681872615768</td><td rowspan="1">0</td></tr></tbody>
<tbody id="t1"><tr><th colspan="4">ChromeTest &#8212; failed (configuration methods)</th></tr><tr class="failedeven"><td rowspan="1">testNgpack.VerifyForgotPasswordPage</td><td><a href="#m26">openBrowser</a></td><td rowspan="1">1681872615442</td><td rowspan="1">320</td></tr><tr><th colspan="4">ChromeTest &#8212; skipped (configuration methods)</th></tr><tr class="skippedeven"><td rowspan="9">testNgpack.VerifyForgotPasswordPage</td><td><a href="#m27">clearObjects</a></td><td rowspan="1">1681872615818</td><td rowspan="1">-1681872615818</td></tr><tr class="skippedeven"><td><a href="#m28">closedBrowser</a></td><td rowspan="1">1681872615821</td><td rowspan="1">-1681872615821</td></tr><tr class="skippedeven"><td><a href="#m29">creatPOMObject</a></td><td rowspan="1">1681872615769</td><td rowspan="1">-1681872615769</td></tr><tr class="skippedeven"><td><a href="#m30">goToForgotPasswordPage</a></td><td rowspan="3">1681872615794</td><td rowspan="3">-1681872615794</td></tr><tr class="skippedeven"><td><a href="#m31">goToForgotPasswordPage</a></td></tr><tr class="skippedeven"><td><a href="#m32">goToForgotPasswordPage</a></td></tr><tr class="skippedeven"><td><a href="#m33">logOutFromApplication</a></td><td rowspan="3">1681872615812</td><td rowspan="3">-1681872615812</td></tr><tr class="skippedeven"><td><a href="#m34">logOutFromApplication</a></td></tr><tr class="skippedeven"><td><a href="#m35">logOutFromApplication</a></td></tr><tr class="skippedodd"><td rowspan="10">testNgpack.VerifySignUPPage</td><td><a href="#m36">clearObjects</a></td><td rowspan="1">1681872615809</td><td rowspan="1">-1681872615809</td></tr><tr class="skippedodd"><td><a href="#m37">closedBrowser</a></td><td rowspan="1">1681872615822</td><td rowspan="1">-1681872615822</td></tr><tr class="skippedodd"><td><a href="#m38">creatPOMObject</a></td><td rowspan="1">1681872615769</td><td rowspan="1">-1681872615769</td></tr><tr class="skippedodd"><td><a href="#m39">goToForgotPasswordPage</a></td><td rowspan="3">1681872615775</td><td rowspan="3">-1681872615775</td></tr><tr class="skippedodd"><td><a href="#m40">goToForgotPasswordPage</a></td></tr><tr class="skippedodd"><td><a href="#m41">goToForgotPasswordPage</a></td></tr><tr class="skippedodd"><td><a href="#m42">logOutFromApplication</a></td><td rowspan="3">1681872615781</td><td rowspan="3">-1681872615781</td></tr><tr class="skippedodd"><td><a href="#m43">logOutFromApplication</a></td></tr><tr class="skippedodd"><td><a href="#m44">logOutFromApplication</a></td></tr><tr class="skippedodd"><td><a href="#m45">openBrowser</a></td><td rowspan="1">1681872615765</td><td rowspan="1">-1681872615765</td></tr><tr><th colspan="4">ChromeTest &#8212; skipped</th></tr><tr class="skippedeven"><td rowspan="3">testNgpack.VerifyForgotPasswordPage</td><td><a href="#m46">verifyCancelButtonOnForgotPasswordPage</a></td><td rowspan="1">1681872615780</td><td rowspan="1">0</td></tr><tr class="skippedeven"><td><a href="#m47">verifyMessageOnForgotPasswordPage</a></td><td rowspan="1">1681872615804</td><td rowspan="1">1</td></tr><tr class="skippedeven"><td><a href="#m48">verifySearchFunctionOnForgotPasswordPage</a></td><td rowspan="1">1681872615815</td><td rowspan="1">0</td></tr><tr class="skippedodd"><td rowspan="3">testNgpack.VerifySignUPPage</td><td><a href="#m49">verifyErrorMessageONSignUoPage</a></td><td rowspan="1">1681872615776</td><td rowspan="1">0</td></tr><tr class="skippedodd"><td><a href="#m50">verifySignUpFunctonality</a></td><td rowspan="1">1681872615785</td><td rowspan="1">0</td></tr><tr class="skippedodd"><td><a href="#m51">verifySignupHiddenElement</a></td><td rowspan="1">1681872615801</td><td rowspan="1">0</td></tr></tbody>
</table>
<h2>FirefoxTest</h2><h3 id="m0">testNgpack.VerifyForgotPasswordPage#openBrowser</h3><table class="result"><tr class="param"><th>Parameter #1</th></tr><tr class="param stripe"><td>gghjgjkhlkjbirefox</td></tr><tr><th>Exception</th></tr><tr><td><div class="stacktrace">java.lang.NullPointerException: Cannot invoke &quot;org.openqa.selenium.WebDriver.manage()&quot; because &quot;this.driver&quot; is null
	at testNgpack.VerifyForgotPasswordPage.openBrowser(VerifyForgotPasswordPage.java:63)
	at java.base/java.util.concurrent.FutureTask.run(FutureTask.java:264)
	at java.base/java.util.concurrent.ThreadPoolExecutor.runWorker(ThreadPoolExecutor.java:1136)
	at java.base/java.util.concurrent.ThreadPoolExecutor$Worker.run(ThreadPoolExecutor.java:635)
	at java.base/java.lang.Thread.run(Thread.java:833)
... Removed 13 stack frames</div></td></tr></table><p class="totop"><a href="#summary">back to summary</a></p>
<h3 id="m1">testNgpack.VerifyForgotPasswordPage#clearObjects</h3><table class="result"><tr><th class="invisible"/></tr></table><p class="totop"><a href="#summary">back to summary</a></p>
<h3 id="m2">testNgpack.VerifyForgotPasswordPage#closedBrowser</h3><table class="result"><tr><th class="invisible"/></tr></table><p class="totop"><a href="#summary">back to summary</a></p>
<h3 id="m3">testNgpack.VerifyForgotPasswordPage#creatPOMObject</h3><table class="result"><tr><th class="invisible"/></tr></table><p class="totop"><a href="#summary">back to summary</a></p>
<h3 id="m4">testNgpack.VerifyForgotPasswordPage#goToForgotPasswordPage</h3><table class="result"><tr><th class="invisible"/></tr></table><p class="totop"><a href="#summary">back to summary</a></p>
<h3 id="m5">testNgpack.VerifyForgotPasswordPage#goToForgotPasswordPage</h3><table class="result"><tr><th class="invisible"/></tr></table><p class="totop"><a href="#summary">back to summary</a></p>
<h3 id="m6">testNgpack.VerifyForgotPasswordPage#goToForgotPasswordPage</h3><table class="result"><tr><th class="invisible"/></tr></table><p class="totop"><a href="#summary">back to summary</a></p>
<h3 id="m7">testNgpack.VerifyForgotPasswordPage#logOutFromApplication</h3><table class="result"><tr><th class="invisible"/></tr></table><p class="totop"><a href="#summary">back to summary</a></p>
<h3 id="m8">testNgpack.VerifyForgotPasswordPage#logOutFromApplication</h3><table class="result"><tr><th class="invisible"/></tr></table><p class="totop"><a href="#summary">back to summary</a></p>
<h3 id="m9">testNgpack.VerifyForgotPasswordPage#logOutFromApplication</h3><table class="result"><tr><th class="invisible"/></tr></table><p class="totop"><a href="#summary">back to summary</a></p>
<h3 id="m10">testNgpack.VerifySignUPPage#clearObjects</h3><table class="result"><tr><th class="invisible"/></tr></table><p class="totop"><a href="#summary">back to summary</a></p>
<h3 id="m11">testNgpack.VerifySignUPPage#closedBrowser</h3><table class="result"><tr><th class="invisible"/></tr></table><p class="totop"><a href="#summary">back to summary</a></p>
<h3 id="m12">testNgpack.VerifySignUPPage#creatPOMObject</h3><table class="result"><tr><th class="invisible"/></tr></table><p class="totop"><a href="#summary">back to summary</a></p>
<h3 id="m13">testNgpack.VerifySignUPPage#goToForgotPasswordPage</h3><table class="result"><tr><th class="invisible"/></tr></table><p class="totop"><a href="#summary">back to summary</a></p>
<h3 id="m14">testNgpack.VerifySignUPPage#goToForgotPasswordPage</h3><table class="result"><tr><th class="invisible"/></tr></table><p class="totop"><a href="#summary">back to summary</a></p>
<h3 id="m15">testNgpack.VerifySignUPPage#goToForgotPasswordPage</h3><table class="result"><tr><th class="invisible"/></tr></table><p class="totop"><a href="#summary">back to summary</a></p>
<h3 id="m16">testNgpack.VerifySignUPPage#logOutFromApplication</h3><table class="result"><tr><th class="invisible"/></tr></table><p class="totop"><a href="#summary">back to summary</a></p>
<h3 id="m17">testNgpack.VerifySignUPPage#logOutFromApplication</h3><table class="result"><tr><th class="invisible"/></tr></table><p class="totop"><a href="#summary">back to summary</a></p>
<h3 id="m18">testNgpack.VerifySignUPPage#logOutFromApplication</h3><table class="result"><tr><th class="invisible"/></tr></table><p class="totop"><a href="#summary">back to summary</a></p>
<h3 id="m19">testNgpack.VerifySignUPPage#openBrowser</h3><table class="result"><tr><th class="invisible"/></tr></table><p class="totop"><a href="#summary">back to summary</a></p>
<h3 id="m20">testNgpack.VerifyForgotPasswordPage#verifyCancelButtonOnForgotPasswordPage</h3><table class="result"><tr><th>Exception</th></tr><tr><td><div class="stacktrace">java.lang.NullPointerException: Cannot invoke &quot;org.openqa.selenium.WebDriver.manage()&quot; because &quot;this.driver&quot; is null
	at testNgpack.VerifyForgotPasswordPage.openBrowser(VerifyForgotPasswordPage.java:63)
	at java.base/java.util.concurrent.FutureTask.run(FutureTask.java:264)
	at java.base/java.util.concurrent.ThreadPoolExecutor.runWorker(ThreadPoolExecutor.java:1136)
	at java.base/java.util.concurrent.ThreadPoolExecutor$Worker.run(ThreadPoolExecutor.java:635)
	at java.base/java.lang.Thread.run(Thread.java:833)
... Removed 13 stack frames</div></td></tr></table><p class="totop"><a href="#summary">back to summary</a></p>
<h3 id="m21">testNgpack.VerifyForgotPasswordPage#verifyMessageOnForgotPasswordPage</h3><table class="result"><tr><th>Exception</th></tr><tr><td><div class="stacktrace">java.lang.NullPointerException: Cannot invoke &quot;org.openqa.selenium.WebDriver.manage()&quot; because &quot;this.driver&quot; is null
	at testNgpack.VerifyForgotPasswordPage.openBrowser(VerifyForgotPasswordPage.java:63)
	at java.base/java.util.concurrent.FutureTask.run(FutureTask.java:264)
	at java.base/java.util.concurrent.ThreadPoolExecutor.runWorker(ThreadPoolExecutor.java:1136)
	at java.base/java.util.concurrent.ThreadPoolExecutor$Worker.run(ThreadPoolExecutor.java:635)
	at java.base/java.lang.Thread.run(Thread.java:833)
... Removed 13 stack frames</div></td></tr></table><p class="totop"><a href="#summary">back to summary</a></p>
<h3 id="m22">testNgpack.VerifyForgotPasswordPage#verifySearchFunctionOnForgotPasswordPage</h3><table class="result"><tr><th>Exception</th></tr><tr><td><div class="stacktrace">java.lang.NullPointerException: Cannot invoke &quot;org.openqa.selenium.WebDriver.manage()&quot; because &quot;this.driver&quot; is null
	at testNgpack.VerifyForgotPasswordPage.openBrowser(VerifyForgotPasswordPage.java:63)
	at java.base/java.util.concurrent.FutureTask.run(FutureTask.java:264)
	at java.base/java.util.concurrent.ThreadPoolExecutor.runWorker(ThreadPoolExecutor.java:1136)
	at java.base/java.util.concurrent.ThreadPoolExecutor$Worker.run(ThreadPoolExecutor.java:635)
	at java.base/java.lang.Thread.run(Thread.java:833)
... Removed 13 stack frames</div></td></tr></table><p class="totop"><a href="#summary">back to summary</a></p>
<h3 id="m23">testNgpack.VerifySignUPPage#verifyErrorMessageONSignUoPage</h3><table class="result"><tr><th>Exception</th></tr><tr><td><div class="stacktrace">java.lang.NullPointerException: Cannot invoke &quot;org.openqa.selenium.WebDriver.manage()&quot; because &quot;this.driver&quot; is null
	at testNgpack.VerifyForgotPasswordPage.openBrowser(VerifyForgotPasswordPage.java:63)
	at java.base/java.util.concurrent.FutureTask.run(FutureTask.java:264)
	at java.base/java.util.concurrent.ThreadPoolExecutor.runWorker(ThreadPoolExecutor.java:1136)
	at java.base/java.util.concurrent.ThreadPoolExecutor$Worker.run(ThreadPoolExecutor.java:635)
	at java.base/java.lang.Thread.run(Thread.java:833)
... Removed 13 stack frames</div></td></tr></table><p class="totop"><a href="#summary">back to summary</a></p>
<h3 id="m24">testNgpack.VerifySignUPPage#verifySignUpFunctonality</h3><table class="result"><tr><th>Exception</th></tr><tr><td><div class="stacktrace">java.lang.NullPointerException: Cannot invoke &quot;org.openqa.selenium.WebDriver.manage()&quot; because &quot;this.driver&quot; is null
	at testNgpack.VerifyForgotPasswordPage.openBrowser(VerifyForgotPasswordPage.java:63)
	at java.base/java.util.concurrent.FutureTask.run(FutureTask.java:264)
	at java.base/java.util.concurrent.ThreadPoolExecutor.runWorker(ThreadPoolExecutor.java:1136)
	at java.base/java.util.concurrent.ThreadPoolExecutor$Worker.run(ThreadPoolExecutor.java:635)
	at java.base/java.lang.Thread.run(Thread.java:833)
... Removed 13 stack frames</div></td></tr></table><p class="totop"><a href="#summary">back to summary</a></p>
<h3 id="m25">testNgpack.VerifySignUPPage#verifySignupHiddenElement</h3><table class="result"><tr><th>Exception</th></tr><tr><td><div class="stacktrace">java.lang.NullPointerException: Cannot invoke &quot;org.openqa.selenium.WebDriver.manage()&quot; because &quot;this.driver&quot; is null
	at testNgpack.VerifyForgotPasswordPage.openBrowser(VerifyForgotPasswordPage.java:63)
	at java.base/java.util.concurrent.FutureTask.run(FutureTask.java:264)
	at java.base/java.util.concurrent.ThreadPoolExecutor.runWorker(ThreadPoolExecutor.java:1136)
	at java.base/java.util.concurrent.ThreadPoolExecutor$Worker.run(ThreadPoolExecutor.java:635)
	at java.base/java.lang.Thread.run(Thread.java:833)
... Removed 13 stack frames</div></td></tr></table><p class="totop"><a href="#summary">back to summary</a></p>
<h2>ChromeTest</h2><h3 id="m26">testNgpack.VerifyForgotPasswordPage#openBrowser</h3><table class="result"><tr class="param"><th>Parameter #1</th></tr><tr class="param stripe"><td>Chrome</td></tr><tr><th>Exception</th></tr><tr><td><div class="stacktrace">java.lang.IllegalStateException: The driver executable does not exist: C:\Users\akash\eclipse-workspace\2022\Q4\Maven_05thNov\src\test\resources\browserFile\chromedriver.exe
	at com.google.common.base.Preconditions.checkState(Preconditions.java:585)
	at org.openqa.selenium.remote.service.DriverService.checkExecutable(DriverService.java:146)
	at org.openqa.selenium.remote.service.DriverService.findExecutable(DriverService.java:141)
	at org.openqa.selenium.chrome.ChromeDriverService.access$000(ChromeDriverService.java:35)
	at org.openqa.selenium.chrome.ChromeDriverService$Builder.findDefaultExecutable(ChromeDriverService.java:159)
	at org.openqa.selenium.remote.service.DriverService$Builder.build(DriverService.java:355)
	at org.openqa.selenium.chrome.ChromeDriverService.createDefaultService(ChromeDriverService.java:94)
	at org.openqa.selenium.chrome.ChromeDriver.&lt;init&gt;(ChromeDriver.java:123)
	at browsersSetup.Base.openChromeBrowser(Base.java:12)
	at testNgpack.VerifyForgotPasswordPage.openBrowser(VerifyForgotPasswordPage.java:51)
	at java.base/java.util.concurrent.FutureTask.run(FutureTask.java:264)
	at java.base/java.util.concurrent.ThreadPoolExecutor.runWorker(ThreadPoolExecutor.java:1136)
	at java.base/java.util.concurrent.ThreadPoolExecutor$Worker.run(ThreadPoolExecutor.java:635)
	at java.base/java.lang.Thread.run(Thread.java:833)
... Removed 13 stack frames</div></td></tr></table><p class="totop"><a href="#summary">back to summary</a></p>
<h3 id="m27">testNgpack.VerifyForgotPasswordPage#clearObjects</h3><table class="result"><tr><th class="invisible"/></tr></table><p class="totop"><a href="#summary">back to summary</a></p>
<h3 id="m28">testNgpack.VerifyForgotPasswordPage#closedBrowser</h3><table class="result"><tr><th class="invisible"/></tr></table><p class="totop"><a href="#summary">back to summary</a></p>
<h3 id="m29">testNgpack.VerifyForgotPasswordPage#creatPOMObject</h3><table class="result"><tr><th class="invisible"/></tr></table><p class="totop"><a href="#summary">back to summary</a></p>
<h3 id="m30">testNgpack.VerifyForgotPasswordPage#goToForgotPasswordPage</h3><table class="result"><tr><th class="invisible"/></tr></table><p class="totop"><a href="#summary">back to summary</a></p>
<h3 id="m31">testNgpack.VerifyForgotPasswordPage#goToForgotPasswordPage</h3><table class="result"><tr><th class="invisible"/></tr></table><p class="totop"><a href="#summary">back to summary</a></p>
<h3 id="m32">testNgpack.VerifyForgotPasswordPage#goToForgotPasswordPage</h3><table class="result"><tr><th class="invisible"/></tr></table><p class="totop"><a href="#summary">back to summary</a></p>
<h3 id="m33">testNgpack.VerifyForgotPasswordPage#logOutFromApplication</h3><table class="result"><tr><th class="invisible"/></tr></table><p class="totop"><a href="#summary">back to summary</a></p>
<h3 id="m34">testNgpack.VerifyForgotPasswordPage#logOutFromApplication</h3><table class="result"><tr><th class="invisible"/></tr></table><p class="totop"><a href="#summary">back to summary</a></p>
<h3 id="m35">testNgpack.VerifyForgotPasswordPage#logOutFromApplication</h3><table class="result"><tr><th class="invisible"/></tr></table><p class="totop"><a href="#summary">back to summary</a></p>
<h3 id="m36">testNgpack.VerifySignUPPage#clearObjects</h3><table class="result"><tr><th class="invisible"/></tr></table><p class="totop"><a href="#summary">back to summary</a></p>
<h3 id="m37">testNgpack.VerifySignUPPage#closedBrowser</h3><table class="result"><tr><th class="invisible"/></tr></table><p class="totop"><a href="#summary">back to summary</a></p>
<h3 id="m38">testNgpack.VerifySignUPPage#creatPOMObject</h3><table class="result"><tr><th class="invisible"/></tr></table><p class="totop"><a href="#summary">back to summary</a></p>
<h3 id="m39">testNgpack.VerifySignUPPage#goToForgotPasswordPage</h3><table class="result"><tr><th class="invisible"/></tr></table><p class="totop"><a href="#summary">back to summary</a></p>
<h3 id="m40">testNgpack.VerifySignUPPage#goToForgotPasswordPage</h3><table class="result"><tr><th class="invisible"/></tr></table><p class="totop"><a href="#summary">back to summary</a></p>
<h3 id="m41">testNgpack.VerifySignUPPage#goToForgotPasswordPage</h3><table class="result"><tr><th class="invisible"/></tr></table><p class="totop"><a href="#summary">back to summary</a></p>
<h3 id="m42">testNgpack.VerifySignUPPage#logOutFromApplication</h3><table class="result"><tr><th class="invisible"/></tr></table><p class="totop"><a href="#summary">back to summary</a></p>
<h3 id="m43">testNgpack.VerifySignUPPage#logOutFromApplication</h3><table class="result"><tr><th class="invisible"/></tr></table><p class="totop"><a href="#summary">back to summary</a></p>
<h3 id="m44">testNgpack.VerifySignUPPage#logOutFromApplication</h3><table class="result"><tr><th class="invisible"/></tr></table><p class="totop"><a href="#summary">back to summary</a></p>
<h3 id="m45">testNgpack.VerifySignUPPage#openBrowser</h3><table class="result"><tr><th class="invisible"/></tr></table><p class="totop"><a href="#summary">back to summary</a></p>
<h3 id="m46">testNgpack.VerifyForgotPasswordPage#verifyCancelButtonOnForgotPasswordPage</h3><table class="result"><tr><th>Exception</th></tr><tr><td><div class="stacktrace">java.lang.IllegalStateException: The driver executable does not exist: C:\Users\akash\eclipse-workspace\2022\Q4\Maven_05thNov\src\test\resources\browserFile\chromedriver.exe
	at com.google.common.base.Preconditions.checkState(Preconditions.java:585)
	at org.openqa.selenium.remote.service.DriverService.checkExecutable(DriverService.java:146)
	at org.openqa.selenium.remote.service.DriverService.findExecutable(DriverService.java:141)
	at org.openqa.selenium.chrome.ChromeDriverService.access$000(ChromeDriverService.java:35)
	at org.openqa.selenium.chrome.ChromeDriverService$Builder.findDefaultExecutable(ChromeDriverService.java:159)
	at org.openqa.selenium.remote.service.DriverService$Builder.build(DriverService.java:355)
	at org.openqa.selenium.chrome.ChromeDriverService.createDefaultService(ChromeDriverService.java:94)
	at org.openqa.selenium.chrome.ChromeDriver.&lt;init&gt;(ChromeDriver.java:123)
	at browsersSetup.Base.openChromeBrowser(Base.java:12)
	at testNgpack.VerifyForgotPasswordPage.openBrowser(VerifyForgotPasswordPage.java:51)
	at java.base/java.util.concurrent.FutureTask.run(FutureTask.java:264)
	at java.base/java.util.concurrent.ThreadPoolExecutor.runWorker(ThreadPoolExecutor.java:1136)
	at java.base/java.util.concurrent.ThreadPoolExecutor$Worker.run(ThreadPoolExecutor.java:635)
	at java.base/java.lang.Thread.run(Thread.java:833)
... Removed 13 stack frames</div></td></tr></table><p class="totop"><a href="#summary">back to summary</a></p>
<h3 id="m47">testNgpack.VerifyForgotPasswordPage#verifyMessageOnForgotPasswordPage</h3><table class="result"><tr><th>Exception</th></tr><tr><td><div class="stacktrace">java.lang.IllegalStateException: The driver executable does not exist: C:\Users\akash\eclipse-workspace\2022\Q4\Maven_05thNov\src\test\resources\browserFile\chromedriver.exe
	at com.google.common.base.Preconditions.checkState(Preconditions.java:585)
	at org.openqa.selenium.remote.service.DriverService.checkExecutable(DriverService.java:146)
	at org.openqa.selenium.remote.service.DriverService.findExecutable(DriverService.java:141)
	at org.openqa.selenium.chrome.ChromeDriverService.access$000(ChromeDriverService.java:35)
	at org.openqa.selenium.chrome.ChromeDriverService$Builder.findDefaultExecutable(ChromeDriverService.java:159)
	at org.openqa.selenium.remote.service.DriverService$Builder.build(DriverService.java:355)
	at org.openqa.selenium.chrome.ChromeDriverService.createDefaultService(ChromeDriverService.java:94)
	at org.openqa.selenium.chrome.ChromeDriver.&lt;init&gt;(ChromeDriver.java:123)
	at browsersSetup.Base.openChromeBrowser(Base.java:12)
	at testNgpack.VerifyForgotPasswordPage.openBrowser(VerifyForgotPasswordPage.java:51)
	at java.base/java.util.concurrent.FutureTask.run(FutureTask.java:264)
	at java.base/java.util.concurrent.ThreadPoolExecutor.runWorker(ThreadPoolExecutor.java:1136)
	at java.base/java.util.concurrent.ThreadPoolExecutor$Worker.run(ThreadPoolExecutor.java:635)
	at java.base/java.lang.Thread.run(Thread.java:833)
... Removed 13 stack frames</div></td></tr></table><p class="totop"><a href="#summary">back to summary</a></p>
<h3 id="m48">testNgpack.VerifyForgotPasswordPage#verifySearchFunctionOnForgotPasswordPage</h3><table class="result"><tr><th>Exception</th></tr><tr><td><div class="stacktrace">java.lang.IllegalStateException: The driver executable does not exist: C:\Users\akash\eclipse-workspace\2022\Q4\Maven_05thNov\src\test\resources\browserFile\chromedriver.exe
	at com.google.common.base.Preconditions.checkState(Preconditions.java:585)
	at org.openqa.selenium.remote.service.DriverService.checkExecutable(DriverService.java:146)
	at org.openqa.selenium.remote.service.DriverService.findExecutable(DriverService.java:141)
	at org.openqa.selenium.chrome.ChromeDriverService.access$000(ChromeDriverService.java:35)
	at org.openqa.selenium.chrome.ChromeDriverService$Builder.findDefaultExecutable(ChromeDriverService.java:159)
	at org.openqa.selenium.remote.service.DriverService$Builder.build(DriverService.java:355)
	at org.openqa.selenium.chrome.ChromeDriverService.createDefaultService(ChromeDriverService.java:94)
	at org.openqa.selenium.chrome.ChromeDriver.&lt;init&gt;(ChromeDriver.java:123)
	at browsersSetup.Base.openChromeBrowser(Base.java:12)
	at testNgpack.VerifyForgotPasswordPage.openBrowser(VerifyForgotPasswordPage.java:51)
	at java.base/java.util.concurrent.FutureTask.run(FutureTask.java:264)
	at java.base/java.util.concurrent.ThreadPoolExecutor.runWorker(ThreadPoolExecutor.java:1136)
	at java.base/java.util.concurrent.ThreadPoolExecutor$Worker.run(ThreadPoolExecutor.java:635)
	at java.base/java.lang.Thread.run(Thread.java:833)
... Removed 13 stack frames</div></td></tr></table><p class="totop"><a href="#summary">back to summary</a></p>
<h3 id="m49">testNgpack.VerifySignUPPage#verifyErrorMessageONSignUoPage</h3><table class="result"><tr><th>Exception</th></tr><tr><td><div class="stacktrace">java.lang.IllegalStateException: The driver executable does not exist: C:\Users\akash\eclipse-workspace\2022\Q4\Maven_05thNov\src\test\resources\browserFile\chromedriver.exe
	at com.google.common.base.Preconditions.checkState(Preconditions.java:585)
	at org.openqa.selenium.remote.service.DriverService.checkExecutable(DriverService.java:146)
	at org.openqa.selenium.remote.service.DriverService.findExecutable(DriverService.java:141)
	at org.openqa.selenium.chrome.ChromeDriverService.access$000(ChromeDriverService.java:35)
	at org.openqa.selenium.chrome.ChromeDriverService$Builder.findDefaultExecutable(ChromeDriverService.java:159)
	at org.openqa.selenium.remote.service.DriverService$Builder.build(DriverService.java:355)
	at org.openqa.selenium.chrome.ChromeDriverService.createDefaultService(ChromeDriverService.java:94)
	at org.openqa.selenium.chrome.ChromeDriver.&lt;init&gt;(ChromeDriver.java:123)
	at browsersSetup.Base.openChromeBrowser(Base.java:12)
	at testNgpack.VerifyForgotPasswordPage.openBrowser(VerifyForgotPasswordPage.java:51)
	at java.base/java.util.concurrent.FutureTask.run(FutureTask.java:264)
	at java.base/java.util.concurrent.ThreadPoolExecutor.runWorker(ThreadPoolExecutor.java:1136)
	at java.base/java.util.concurrent.ThreadPoolExecutor$Worker.run(ThreadPoolExecutor.java:635)
	at java.base/java.lang.Thread.run(Thread.java:833)
... Removed 13 stack frames</div></td></tr></table><p class="totop"><a href="#summary">back to summary</a></p>
<h3 id="m50">testNgpack.VerifySignUPPage#verifySignUpFunctonality</h3><table class="result"><tr><th>Exception</th></tr><tr><td><div class="stacktrace">java.lang.IllegalStateException: The driver executable does not exist: C:\Users\akash\eclipse-workspace\2022\Q4\Maven_05thNov\src\test\resources\browserFile\chromedriver.exe
	at com.google.common.base.Preconditions.checkState(Preconditions.java:585)
	at org.openqa.selenium.remote.service.DriverService.checkExecutable(DriverService.java:146)
	at org.openqa.selenium.remote.service.DriverService.findExecutable(DriverService.java:141)
	at org.openqa.selenium.chrome.ChromeDriverService.access$000(ChromeDriverService.java:35)
	at org.openqa.selenium.chrome.ChromeDriverService$Builder.findDefaultExecutable(ChromeDriverService.java:159)
	at org.openqa.selenium.remote.service.DriverService$Builder.build(DriverService.java:355)
	at org.openqa.selenium.chrome.ChromeDriverService.createDefaultService(ChromeDriverService.java:94)
	at org.openqa.selenium.chrome.ChromeDriver.&lt;init&gt;(ChromeDriver.java:123)
	at browsersSetup.Base.openChromeBrowser(Base.java:12)
	at testNgpack.VerifyForgotPasswordPage.openBrowser(VerifyForgotPasswordPage.java:51)
	at java.base/java.util.concurrent.FutureTask.run(FutureTask.java:264)
	at java.base/java.util.concurrent.ThreadPoolExecutor.runWorker(ThreadPoolExecutor.java:1136)
	at java.base/java.util.concurrent.ThreadPoolExecutor$Worker.run(ThreadPoolExecutor.java:635)
	at java.base/java.lang.Thread.run(Thread.java:833)
... Removed 13 stack frames</div></td></tr></table><p class="totop"><a href="#summary">back to summary</a></p>
<h3 id="m51">testNgpack.VerifySignUPPage#verifySignupHiddenElement</h3><table class="result"><tr><th>Exception</th></tr><tr><td><div class="stacktrace">java.lang.IllegalStateException: The driver executable does not exist: C:\Users\akash\eclipse-workspace\2022\Q4\Maven_05thNov\src\test\resources\browserFile\chromedriver.exe
	at com.google.common.base.Preconditions.checkState(Preconditions.java:585)
	at org.openqa.selenium.remote.service.DriverService.checkExecutable(DriverService.java:146)
	at org.openqa.selenium.remote.service.DriverService.findExecutable(DriverService.java:141)
	at org.openqa.selenium.chrome.ChromeDriverService.access$000(ChromeDriverService.java:35)
	at org.openqa.selenium.chrome.ChromeDriverService$Builder.findDefaultExecutable(ChromeDriverService.java:159)
	at org.openqa.selenium.remote.service.DriverService$Builder.build(DriverService.java:355)
	at org.openqa.selenium.chrome.ChromeDriverService.createDefaultService(ChromeDriverService.java:94)
	at org.openqa.selenium.chrome.ChromeDriver.&lt;init&gt;(ChromeDriver.java:123)
	at browsersSetup.Base.openChromeBrowser(Base.java:12)
	at testNgpack.VerifyForgotPasswordPage.openBrowser(VerifyForgotPasswordPage.java:51)
	at java.base/java.util.concurrent.FutureTask.run(FutureTask.java:264)
	at java.base/java.util.concurrent.ThreadPoolExecutor.runWorker(ThreadPoolExecutor.java:1136)
	at java.base/java.util.concurrent.ThreadPoolExecutor$Worker.run(ThreadPoolExecutor.java:635)
	at java.base/java.lang.Thread.run(Thread.java:833)
... Removed 13 stack frames</div></td></tr></table><p class="totop"><a href="#summary">back to summary</a></p>
</body>
</html>
