<!DOCTYPE html>

<html>
  <head>
  <meta charset='utf-8'>
  <title>TestNG reports</title>

    <link type="text/css" href="testng-reports1.css" rel="stylesheet" id="ultra" />
    <link type="text/css" href="testng-reports.css" rel="stylesheet" id="retro" disabled="false"/>
    <script type="text/javascript" src="jquery.min.js"></script>
    <script type="text/javascript" src="testng-reports.js"></script>
    <script type="text/javascript" src="https://www.google.com/jsapi"></script>
    <script type='text/javascript'>
      google.load('visualization', '1', {packages:['table']});
      google.setOnLoadCallback(drawTable);
      var suiteTableInitFunctions = new Array();
      var suiteTableData = new Array();
    </script>
    <!--
      <script type="text/javascript" src="jquery-ui/js/jquery-ui-1.8.16.custom.min.js"></script>
     -->
  </head>

  <body>
    <div class="top-banner-root">
      <span class="top-banner-title-font">Test results</span>
      <button id="button" class="button">Switch Retro Theme</button> <!-- button -->
      <br/>
      <span class="top-banner-font-1">1 suite</span>
    </div> <!-- top-banner-root -->
    <div class="navigator-root">
      <div class="navigator-suite-header">
        <span>All suites</span>
        <a href="#" title="Collapse/expand all the suites" class="collapse-all-link">
          <img src="collapseall.gif" class="collapse-all-icon">
          </img> <!-- collapse-all-icon -->
        </a> <!-- collapse-all-link -->
      </div> <!-- navigator-suite-header -->
      <div class="suite">
        <div class="rounded-window">
          <div class="suite-header light-rounded-window-top">
            <a href="#" panel-name="suite-Suite1234" class="navigator-link">
              <span class="suite-name border-skipped">Suite1234</span>
            </a> <!-- navigator-link -->
          </div> <!-- suite-header light-rounded-window-top -->
          <div class="navigator-suite-content">
            <div class="suite-section-title">
              <span>Info</span>
            </div> <!-- suite-section-title -->
            <div class="suite-section-content">
              <ul>
                <li>
                  <a href="#" panel-name="test-xml-Suite1234" class="navigator-link ">
                    <span>C:\Users\akash\eclipse-workspace\2022\Q4\Maven_05thNov\regressionSuite.xml</span>
                  </a> <!-- navigator-link  -->
                </li>
                <li>
                  <a href="#" panel-name="testlist-Suite1234" class="navigator-link ">
                    <span class="test-stats">2 tests</span>
                  </a> <!-- navigator-link  -->
                </li>
                <li>
                  <a href="#" panel-name="group-Suite1234" class="navigator-link ">
                    <span>0 groups</span>
                  </a> <!-- navigator-link  -->
                </li>
                <li>
                  <a href="#" panel-name="times-Suite1234" class="navigator-link ">
                    <span>Times</span>
                  </a> <!-- navigator-link  -->
                </li>
                <li>
                  <a href="#" panel-name="reporter-Suite1234" class="navigator-link ">
                    <span>Reporter output</span>
                  </a> <!-- navigator-link  -->
                </li>
                <li>
                  <a href="#" panel-name="ignored-methods-Suite1234" class="navigator-link ">
                    <span>Ignored methods</span>
                  </a> <!-- navigator-link  -->
                </li>
                <li>
                  <a href="#" panel-name="chronological-Suite1234" class="navigator-link ">
                    <span>Chronological view</span>
                  </a> <!-- navigator-link  -->
                </li>
              </ul>
            </div> <!-- suite-section-content -->
            <div class="result-section">
              <div class="suite-section-title">
                <span>Results</span>
              </div> <!-- suite-section-title -->
              <div class="suite-section-content">
                <ul>
                  <li>
                    <span class="method-stats">12 methods,  12 skipped,  </span>
                  </li>
                  <li>
                    <span class="method-list-title skipped">Skipped methods</span>
                    <span class="show-or-hide-methods skipped">
                      <a href="#" panel-name="suite-Suite1234" class="hide-methods skipped suite-Suite1234"> (hide)</a> <!-- hide-methods skipped suite-Suite1234 -->
                      <a href="#" panel-name="suite-Suite1234" class="show-methods skipped suite-Suite1234"> (show)</a> <!-- show-methods skipped suite-Suite1234 -->
                    </span>
                    <div class="method-list-content skipped suite-Suite1234">
                      <span>
                        <img src="skipped.png" width="3%"/>
                        <a href="#" panel-name="suite-Suite1234" title="testNgpack.VerifyForgotPasswordPage" class="method navigator-link" hash-for-method="verifyCancelButtonOnForgotPasswordPage">verifyCancelButtonOnForgotPasswordPage</a> <!-- method navigator-link -->
                      </span>
                      <br/>
                      <span>
                        <img src="skipped.png" width="3%"/>
                        <a href="#" panel-name="suite-Suite1234" title="testNgpack.VerifyForgotPasswordPage" class="method navigator-link" hash-for-method="verifyCancelButtonOnForgotPasswordPage">verifyCancelButtonOnForgotPasswordPage</a> <!-- method navigator-link -->
                      </span>
                      <br/>
                      <span>
                        <img src="skipped.png" width="3%"/>
                        <a href="#" panel-name="suite-Suite1234" title="testNgpack.VerifySignUPPage" class="method navigator-link" hash-for-method="verifyErrorMessageONSignUoPage">verifyErrorMessageONSignUoPage</a> <!-- method navigator-link -->
                      </span>
                      <br/>
                      <span>
                        <img src="skipped.png" width="3%"/>
                        <a href="#" panel-name="suite-Suite1234" title="testNgpack.VerifySignUPPage" class="method navigator-link" hash-for-method="verifyErrorMessageONSignUoPage">verifyErrorMessageONSignUoPage</a> <!-- method navigator-link -->
                      </span>
                      <br/>
                      <span>
                        <img src="skipped.png" width="3%"/>
                        <a href="#" panel-name="suite-Suite1234" title="testNgpack.VerifyForgotPasswordPage" class="method navigator-link" hash-for-method="verifyMessageOnForgotPasswordPage">verifyMessageOnForgotPasswordPage</a> <!-- method navigator-link -->
                      </span>
                      <br/>
                      <span>
                        <img src="skipped.png" width="3%"/>
                        <a href="#" panel-name="suite-Suite1234" title="testNgpack.VerifyForgotPasswordPage" class="method navigator-link" hash-for-method="verifyMessageOnForgotPasswordPage">verifyMessageOnForgotPasswordPage</a> <!-- method navigator-link -->
                      </span>
                      <br/>
                      <span>
                        <img src="skipped.png" width="3%"/>
                        <a href="#" panel-name="suite-Suite1234" title="testNgpack.VerifyForgotPasswordPage" class="method navigator-link" hash-for-method="verifySearchFunctionOnForgotPasswordPage">verifySearchFunctionOnForgotPasswordPage</a> <!-- method navigator-link -->
                      </span>
                      <br/>
                      <span>
                        <img src="skipped.png" width="3%"/>
                        <a href="#" panel-name="suite-Suite1234" title="testNgpack.VerifyForgotPasswordPage" class="method navigator-link" hash-for-method="verifySearchFunctionOnForgotPasswordPage">verifySearchFunctionOnForgotPasswordPage</a> <!-- method navigator-link -->
                      </span>
                      <br/>
                      <span>
                        <img src="skipped.png" width="3%"/>
                        <a href="#" panel-name="suite-Suite1234" title="testNgpack.VerifySignUPPage" class="method navigator-link" hash-for-method="verifySignUpFunctonality">verifySignUpFunctonality</a> <!-- method navigator-link -->
                      </span>
                      <br/>
                      <span>
                        <img src="skipped.png" width="3%"/>
                        <a href="#" panel-name="suite-Suite1234" title="testNgpack.VerifySignUPPage" class="method navigator-link" hash-for-method="verifySignUpFunctonality">verifySignUpFunctonality</a> <!-- method navigator-link -->
                      </span>
                      <br/>
                      <span>
                        <img src="skipped.png" width="3%"/>
                        <a href="#" panel-name="suite-Suite1234" title="testNgpack.VerifySignUPPage" class="method navigator-link" hash-for-method="verifySignupHiddenElement">verifySignupHiddenElement</a> <!-- method navigator-link -->
                      </span>
                      <br/>
                      <span>
                        <img src="skipped.png" width="3%"/>
                        <a href="#" panel-name="suite-Suite1234" title="testNgpack.VerifySignUPPage" class="method navigator-link" hash-for-method="verifySignupHiddenElement">verifySignupHiddenElement</a> <!-- method navigator-link -->
                      </span>
                      <br/>
                    </div> <!-- method-list-content skipped suite-Suite1234 -->
                  </li>
                </ul>
              </div> <!-- suite-section-content -->
            </div> <!-- result-section -->
          </div> <!-- navigator-suite-content -->
        </div> <!-- rounded-window -->
      </div> <!-- suite -->
    </div> <!-- navigator-root -->
    <div class="wrapper">
      <div class="main-panel-root">
        <div panel-name="suite-Suite1234" class="panel Suite1234">
          <div class="suite-Suite1234-class-skipped">
            <div class="main-panel-header rounded-window-top">
              <img src="skipped.png"/>
              <span class="class-name">testNgpack.VerifyForgotPasswordPage</span>
            </div> <!-- main-panel-header rounded-window-top -->
            <div class="main-panel-content rounded-window-bottom">
              <div class="method">
                <div class="method-content">
                  <a name="verifyCancelButtonOnForgotPasswordPage">
                  </a> <!-- verifyCancelButtonOnForgotPasswordPage -->
                  <span class="method-name">verifyCancelButtonOnForgotPasswordPage</span>
                  <div class="stack-trace">java.lang.NullPointerException: Cannot invoke &quot;org.openqa.selenium.WebDriver.manage()&quot; because &quot;this.driver&quot; is null
	at testNgpack.VerifyForgotPasswordPage.openBrowser(VerifyForgotPasswordPage.java:63)
	at java.base/java.util.concurrent.FutureTask.run(FutureTask.java:264)
	at java.base/java.util.concurrent.ThreadPoolExecutor.runWorker(ThreadPoolExecutor.java:1136)
	at java.base/java.util.concurrent.ThreadPoolExecutor$Worker.run(ThreadPoolExecutor.java:635)
	at java.base/java.lang.Thread.run(Thread.java:833)
... Removed 13 stack frames
</div> <!-- stack-trace -->
                </div> <!-- method-content -->
              </div> <!-- method -->
              <div class="method">
                <div class="method-content">
                  <a name="verifyCancelButtonOnForgotPasswordPage">
                  </a> <!-- verifyCancelButtonOnForgotPasswordPage -->
                  <span class="method-name">verifyCancelButtonOnForgotPasswordPage</span>
                  <div class="stack-trace">java.lang.IllegalStateException: The driver executable does not exist: C:\Users\akash\eclipse-workspace\2022\Q4\Maven_05thNov\src\test\resources\browserFile\chromedriver.exe
	at com.google.common.base.Preconditions.checkState(Preconditions.java:585)
	at org.openqa.selenium.remote.service.DriverService.checkExecutable(DriverService.java:146)
	at org.openqa.selenium.remote.service.DriverService.findExecutable(DriverService.java:141)
	at org.openqa.selenium.chrome.ChromeDriverService.access$000(ChromeDriverService.java:35)
	at org.openqa.selenium.chrome.ChromeDriverService$Builder.findDefaultExecutable(ChromeDriverService.java:159)
	at org.openqa.selenium.remote.service.DriverService$Builder.build(DriverService.java:355)
	at org.openqa.selenium.chrome.ChromeDriverService.createDefaultService(ChromeDriverService.java:94)
	at org.openqa.selenium.chrome.ChromeDriver.&lt;init&gt;(ChromeDriver.java:123)
	at browsersSetup.Base.openChromeBrowser(Base.java:12)
	at testNgpack.VerifyForgotPasswordPage.openBrowser(VerifyForgotPasswordPage.java:51)
	at java.base/java.util.concurrent.FutureTask.run(FutureTask.java:264)
	at java.base/java.util.concurrent.ThreadPoolExecutor.runWorker(ThreadPoolExecutor.java:1136)
	at java.base/java.util.concurrent.ThreadPoolExecutor$Worker.run(ThreadPoolExecutor.java:635)
	at java.base/java.lang.Thread.run(Thread.java:833)
... Removed 13 stack frames
</div> <!-- stack-trace -->
                </div> <!-- method-content -->
              </div> <!-- method -->
              <div class="method">
                <div class="method-content">
                  <a name="verifyMessageOnForgotPasswordPage">
                  </a> <!-- verifyMessageOnForgotPasswordPage -->
                  <span class="method-name">verifyMessageOnForgotPasswordPage</span>
                  <div class="stack-trace">java.lang.NullPointerException: Cannot invoke &quot;org.openqa.selenium.WebDriver.manage()&quot; because &quot;this.driver&quot; is null
	at testNgpack.VerifyForgotPasswordPage.openBrowser(VerifyForgotPasswordPage.java:63)
	at java.base/java.util.concurrent.FutureTask.run(FutureTask.java:264)
	at java.base/java.util.concurrent.ThreadPoolExecutor.runWorker(ThreadPoolExecutor.java:1136)
	at java.base/java.util.concurrent.ThreadPoolExecutor$Worker.run(ThreadPoolExecutor.java:635)
	at java.base/java.lang.Thread.run(Thread.java:833)
... Removed 13 stack frames
</div> <!-- stack-trace -->
                </div> <!-- method-content -->
              </div> <!-- method -->
              <div class="method">
                <div class="method-content">
                  <a name="verifyMessageOnForgotPasswordPage">
                  </a> <!-- verifyMessageOnForgotPasswordPage -->
                  <span class="method-name">verifyMessageOnForgotPasswordPage</span>
                  <div class="stack-trace">java.lang.IllegalStateException: The driver executable does not exist: C:\Users\akash\eclipse-workspace\2022\Q4\Maven_05thNov\src\test\resources\browserFile\chromedriver.exe
	at com.google.common.base.Preconditions.checkState(Preconditions.java:585)
	at org.openqa.selenium.remote.service.DriverService.checkExecutable(DriverService.java:146)
	at org.openqa.selenium.remote.service.DriverService.findExecutable(DriverService.java:141)
	at org.openqa.selenium.chrome.ChromeDriverService.access$000(ChromeDriverService.java:35)
	at org.openqa.selenium.chrome.ChromeDriverService$Builder.findDefaultExecutable(ChromeDriverService.java:159)
	at org.openqa.selenium.remote.service.DriverService$Builder.build(DriverService.java:355)
	at org.openqa.selenium.chrome.ChromeDriverService.createDefaultService(ChromeDriverService.java:94)
	at org.openqa.selenium.chrome.ChromeDriver.&lt;init&gt;(ChromeDriver.java:123)
	at browsersSetup.Base.openChromeBrowser(Base.java:12)
	at testNgpack.VerifyForgotPasswordPage.openBrowser(VerifyForgotPasswordPage.java:51)
	at java.base/java.util.concurrent.FutureTask.run(FutureTask.java:264)
	at java.base/java.util.concurrent.ThreadPoolExecutor.runWorker(ThreadPoolExecutor.java:1136)
	at java.base/java.util.concurrent.ThreadPoolExecutor$Worker.run(ThreadPoolExecutor.java:635)
	at java.base/java.lang.Thread.run(Thread.java:833)
... Removed 13 stack frames
</div> <!-- stack-trace -->
                </div> <!-- method-content -->
              </div> <!-- method -->
              <div class="method">
                <div class="method-content">
                  <a name="verifySearchFunctionOnForgotPasswordPage">
                  </a> <!-- verifySearchFunctionOnForgotPasswordPage -->
                  <span class="method-name">verifySearchFunctionOnForgotPasswordPage</span>
                  <div class="stack-trace">java.lang.NullPointerException: Cannot invoke &quot;org.openqa.selenium.WebDriver.manage()&quot; because &quot;this.driver&quot; is null
	at testNgpack.VerifyForgotPasswordPage.openBrowser(VerifyForgotPasswordPage.java:63)
	at java.base/java.util.concurrent.FutureTask.run(FutureTask.java:264)
	at java.base/java.util.concurrent.ThreadPoolExecutor.runWorker(ThreadPoolExecutor.java:1136)
	at java.base/java.util.concurrent.ThreadPoolExecutor$Worker.run(ThreadPoolExecutor.java:635)
	at java.base/java.lang.Thread.run(Thread.java:833)
... Removed 13 stack frames
</div> <!-- stack-trace -->
                </div> <!-- method-content -->
              </div> <!-- method -->
              <div class="method">
                <div class="method-content">
                  <a name="verifySearchFunctionOnForgotPasswordPage">
                  </a> <!-- verifySearchFunctionOnForgotPasswordPage -->
                  <span class="method-name">verifySearchFunctionOnForgotPasswordPage</span>
                  <div class="stack-trace">java.lang.IllegalStateException: The driver executable does not exist: C:\Users\akash\eclipse-workspace\2022\Q4\Maven_05thNov\src\test\resources\browserFile\chromedriver.exe
	at com.google.common.base.Preconditions.checkState(Preconditions.java:585)
	at org.openqa.selenium.remote.service.DriverService.checkExecutable(DriverService.java:146)
	at org.openqa.selenium.remote.service.DriverService.findExecutable(DriverService.java:141)
	at org.openqa.selenium.chrome.ChromeDriverService.access$000(ChromeDriverService.java:35)
	at org.openqa.selenium.chrome.ChromeDriverService$Builder.findDefaultExecutable(ChromeDriverService.java:159)
	at org.openqa.selenium.remote.service.DriverService$Builder.build(DriverService.java:355)
	at org.openqa.selenium.chrome.ChromeDriverService.createDefaultService(ChromeDriverService.java:94)
	at org.openqa.selenium.chrome.ChromeDriver.&lt;init&gt;(ChromeDriver.java:123)
	at browsersSetup.Base.openChromeBrowser(Base.java:12)
	at testNgpack.VerifyForgotPasswordPage.openBrowser(VerifyForgotPasswordPage.java:51)
	at java.base/java.util.concurrent.FutureTask.run(FutureTask.java:264)
	at java.base/java.util.concurrent.ThreadPoolExecutor.runWorker(ThreadPoolExecutor.java:1136)
	at java.base/java.util.concurrent.ThreadPoolExecutor$Worker.run(ThreadPoolExecutor.java:635)
	at java.base/java.lang.Thread.run(Thread.java:833)
... Removed 13 stack frames
</div> <!-- stack-trace -->
                </div> <!-- method-content -->
              </div> <!-- method -->
            </div> <!-- main-panel-content rounded-window-bottom -->
          </div> <!-- suite-Suite1234-class-skipped -->
          <div class="suite-Suite1234-class-skipped">
            <div class="main-panel-header rounded-window-top">
              <img src="skipped.png"/>
              <span class="class-name">testNgpack.VerifySignUPPage</span>
            </div> <!-- main-panel-header rounded-window-top -->
            <div class="main-panel-content rounded-window-bottom">
              <div class="method">
                <div class="method-content">
                  <a name="verifyErrorMessageONSignUoPage">
                  </a> <!-- verifyErrorMessageONSignUoPage -->
                  <span class="method-name">verifyErrorMessageONSignUoPage</span>
                  <div class="stack-trace">java.lang.NullPointerException: Cannot invoke &quot;org.openqa.selenium.WebDriver.manage()&quot; because &quot;this.driver&quot; is null
	at testNgpack.VerifyForgotPasswordPage.openBrowser(VerifyForgotPasswordPage.java:63)
	at java.base/java.util.concurrent.FutureTask.run(FutureTask.java:264)
	at java.base/java.util.concurrent.ThreadPoolExecutor.runWorker(ThreadPoolExecutor.java:1136)
	at java.base/java.util.concurrent.ThreadPoolExecutor$Worker.run(ThreadPoolExecutor.java:635)
	at java.base/java.lang.Thread.run(Thread.java:833)
... Removed 13 stack frames
</div> <!-- stack-trace -->
                </div> <!-- method-content -->
              </div> <!-- method -->
              <div class="method">
                <div class="method-content">
                  <a name="verifyErrorMessageONSignUoPage">
                  </a> <!-- verifyErrorMessageONSignUoPage -->
                  <span class="method-name">verifyErrorMessageONSignUoPage</span>
                  <div class="stack-trace">java.lang.IllegalStateException: The driver executable does not exist: C:\Users\akash\eclipse-workspace\2022\Q4\Maven_05thNov\src\test\resources\browserFile\chromedriver.exe
	at com.google.common.base.Preconditions.checkState(Preconditions.java:585)
	at org.openqa.selenium.remote.service.DriverService.checkExecutable(DriverService.java:146)
	at org.openqa.selenium.remote.service.DriverService.findExecutable(DriverService.java:141)
	at org.openqa.selenium.chrome.ChromeDriverService.access$000(ChromeDriverService.java:35)
	at org.openqa.selenium.chrome.ChromeDriverService$Builder.findDefaultExecutable(ChromeDriverService.java:159)
	at org.openqa.selenium.remote.service.DriverService$Builder.build(DriverService.java:355)
	at org.openqa.selenium.chrome.ChromeDriverService.createDefaultService(ChromeDriverService.java:94)
	at org.openqa.selenium.chrome.ChromeDriver.&lt;init&gt;(ChromeDriver.java:123)
	at browsersSetup.Base.openChromeBrowser(Base.java:12)
	at testNgpack.VerifyForgotPasswordPage.openBrowser(VerifyForgotPasswordPage.java:51)
	at java.base/java.util.concurrent.FutureTask.run(FutureTask.java:264)
	at java.base/java.util.concurrent.ThreadPoolExecutor.runWorker(ThreadPoolExecutor.java:1136)
	at java.base/java.util.concurrent.ThreadPoolExecutor$Worker.run(ThreadPoolExecutor.java:635)
	at java.base/java.lang.Thread.run(Thread.java:833)
... Removed 13 stack frames
</div> <!-- stack-trace -->
                </div> <!-- method-content -->
              </div> <!-- method -->
              <div class="method">
                <div class="method-content">
                  <a name="verifySignUpFunctonality">
                  </a> <!-- verifySignUpFunctonality -->
                  <span class="method-name">verifySignUpFunctonality</span>
                  <div class="stack-trace">java.lang.NullPointerException: Cannot invoke &quot;org.openqa.selenium.WebDriver.manage()&quot; because &quot;this.driver&quot; is null
	at testNgpack.VerifyForgotPasswordPage.openBrowser(VerifyForgotPasswordPage.java:63)
	at java.base/java.util.concurrent.FutureTask.run(FutureTask.java:264)
	at java.base/java.util.concurrent.ThreadPoolExecutor.runWorker(ThreadPoolExecutor.java:1136)
	at java.base/java.util.concurrent.ThreadPoolExecutor$Worker.run(ThreadPoolExecutor.java:635)
	at java.base/java.lang.Thread.run(Thread.java:833)
... Removed 13 stack frames
</div> <!-- stack-trace -->
                </div> <!-- method-content -->
              </div> <!-- method -->
              <div class="method">
                <div class="method-content">
                  <a name="verifySignUpFunctonality">
                  </a> <!-- verifySignUpFunctonality -->
                  <span class="method-name">verifySignUpFunctonality</span>
                  <div class="stack-trace">java.lang.IllegalStateException: The driver executable does not exist: C:\Users\akash\eclipse-workspace\2022\Q4\Maven_05thNov\src\test\resources\browserFile\chromedriver.exe
	at com.google.common.base.Preconditions.checkState(Preconditions.java:585)
	at org.openqa.selenium.remote.service.DriverService.checkExecutable(DriverService.java:146)
	at org.openqa.selenium.remote.service.DriverService.findExecutable(DriverService.java:141)
	at org.openqa.selenium.chrome.ChromeDriverService.access$000(ChromeDriverService.java:35)
	at org.openqa.selenium.chrome.ChromeDriverService$Builder.findDefaultExecutable(ChromeDriverService.java:159)
	at org.openqa.selenium.remote.service.DriverService$Builder.build(DriverService.java:355)
	at org.openqa.selenium.chrome.ChromeDriverService.createDefaultService(ChromeDriverService.java:94)
	at org.openqa.selenium.chrome.ChromeDriver.&lt;init&gt;(ChromeDriver.java:123)
	at browsersSetup.Base.openChromeBrowser(Base.java:12)
	at testNgpack.VerifyForgotPasswordPage.openBrowser(VerifyForgotPasswordPage.java:51)
	at java.base/java.util.concurrent.FutureTask.run(FutureTask.java:264)
	at java.base/java.util.concurrent.ThreadPoolExecutor.runWorker(ThreadPoolExecutor.java:1136)
	at java.base/java.util.concurrent.ThreadPoolExecutor$Worker.run(ThreadPoolExecutor.java:635)
	at java.base/java.lang.Thread.run(Thread.java:833)
... Removed 13 stack frames
</div> <!-- stack-trace -->
                </div> <!-- method-content -->
              </div> <!-- method -->
              <div class="method">
                <div class="method-content">
                  <a name="verifySignupHiddenElement">
                  </a> <!-- verifySignupHiddenElement -->
                  <span class="method-name">verifySignupHiddenElement</span>
                  <div class="stack-trace">java.lang.NullPointerException: Cannot invoke &quot;org.openqa.selenium.WebDriver.manage()&quot; because &quot;this.driver&quot; is null
	at testNgpack.VerifyForgotPasswordPage.openBrowser(VerifyForgotPasswordPage.java:63)
	at java.base/java.util.concurrent.FutureTask.run(FutureTask.java:264)
	at java.base/java.util.concurrent.ThreadPoolExecutor.runWorker(ThreadPoolExecutor.java:1136)
	at java.base/java.util.concurrent.ThreadPoolExecutor$Worker.run(ThreadPoolExecutor.java:635)
	at java.base/java.lang.Thread.run(Thread.java:833)
... Removed 13 stack frames
</div> <!-- stack-trace -->
                </div> <!-- method-content -->
              </div> <!-- method -->
              <div class="method">
                <div class="method-content">
                  <a name="verifySignupHiddenElement">
                  </a> <!-- verifySignupHiddenElement -->
                  <span class="method-name">verifySignupHiddenElement</span>
                  <div class="stack-trace">java.lang.IllegalStateException: The driver executable does not exist: C:\Users\akash\eclipse-workspace\2022\Q4\Maven_05thNov\src\test\resources\browserFile\chromedriver.exe
	at com.google.common.base.Preconditions.checkState(Preconditions.java:585)
	at org.openqa.selenium.remote.service.DriverService.checkExecutable(DriverService.java:146)
	at org.openqa.selenium.remote.service.DriverService.findExecutable(DriverService.java:141)
	at org.openqa.selenium.chrome.ChromeDriverService.access$000(ChromeDriverService.java:35)
	at org.openqa.selenium.chrome.ChromeDriverService$Builder.findDefaultExecutable(ChromeDriverService.java:159)
	at org.openqa.selenium.remote.service.DriverService$Builder.build(DriverService.java:355)
	at org.openqa.selenium.chrome.ChromeDriverService.createDefaultService(ChromeDriverService.java:94)
	at org.openqa.selenium.chrome.ChromeDriver.&lt;init&gt;(ChromeDriver.java:123)
	at browsersSetup.Base.openChromeBrowser(Base.java:12)
	at testNgpack.VerifyForgotPasswordPage.openBrowser(VerifyForgotPasswordPage.java:51)
	at java.base/java.util.concurrent.FutureTask.run(FutureTask.java:264)
	at java.base/java.util.concurrent.ThreadPoolExecutor.runWorker(ThreadPoolExecutor.java:1136)
	at java.base/java.util.concurrent.ThreadPoolExecutor$Worker.run(ThreadPoolExecutor.java:635)
	at java.base/java.lang.Thread.run(Thread.java:833)
... Removed 13 stack frames
</div> <!-- stack-trace -->
                </div> <!-- method-content -->
              </div> <!-- method -->
            </div> <!-- main-panel-content rounded-window-bottom -->
          </div> <!-- suite-Suite1234-class-skipped -->
        </div> <!-- panel Suite1234 -->
        <div panel-name="test-xml-Suite1234" class="panel">
          <div class="main-panel-header rounded-window-top">
            <span class="header-content">C:\Users\akash\eclipse-workspace\2022\Q4\Maven_05thNov\regressionSuite.xml</span>
          </div> <!-- main-panel-header rounded-window-top -->
          <div class="main-panel-content rounded-window-bottom">
            <pre>
&lt;?xml version=&quot;1.0&quot; encoding=&quot;UTF-8&quot;?&gt;
&lt;!DOCTYPE suite SYSTEM &quot;https://testng.org/testng-1.0.dtd&quot;&gt;
&lt;suite thread-count=&quot;2&quot; parallel=&quot;tests&quot; name=&quot;Suite1234&quot; guice-stage=&quot;DEVELOPMENT&quot;&gt;
  &lt;listeners&gt;
    &lt;listener class-name=&quot;exentReport.ExtentTestNGIReporterListener&quot;/&gt;
  &lt;/listeners&gt;
  &lt;test thread-count=&quot;2&quot; parallel=&quot;classes&quot; name=&quot;ChromeTest&quot;&gt;
    &lt;parameter name=&quot;browser&quot; value=&quot;Chrome&quot;/&gt;
    &lt;classes&gt;
      &lt;class name=&quot;testNgpack.VerifyForgotPasswordPage&quot;/&gt;
      &lt;class name=&quot;testNgpack.VerifySignUPPage&quot;/&gt;
    &lt;/classes&gt;
  &lt;/test&gt; &lt;!-- ChromeTest --&gt;
  &lt;test thread-count=&quot;2&quot; parallel=&quot;classes&quot; name=&quot;FirefoxTest&quot;&gt;
    &lt;parameter name=&quot;browser&quot; value=&quot;gghjgjkhlkjbirefox&quot;/&gt;
    &lt;classes&gt;
      &lt;class name=&quot;testNgpack.VerifyForgotPasswordPage&quot;/&gt;
      &lt;class name=&quot;testNgpack.VerifySignUPPage&quot;/&gt;
    &lt;/classes&gt;
  &lt;/test&gt; &lt;!-- FirefoxTest --&gt;
&lt;/suite&gt; &lt;!-- Suite1234 --&gt;
            </pre>
          </div> <!-- main-panel-content rounded-window-bottom -->
        </div> <!-- panel -->
        <div panel-name="testlist-Suite1234" class="panel">
          <div class="main-panel-header rounded-window-top">
            <span class="header-content">Tests for Suite1234</span>
          </div> <!-- main-panel-header rounded-window-top -->
          <div class="main-panel-content rounded-window-bottom">
            <ul>
              <li>
                <span class="test-name">ChromeTest (2 classes)</span>
              </li>
              <li>
                <span class="test-name">FirefoxTest (2 classes)</span>
              </li>
            </ul>
          </div> <!-- main-panel-content rounded-window-bottom -->
        </div> <!-- panel -->
        <div panel-name="group-Suite1234" class="panel">
          <div class="main-panel-header rounded-window-top">
            <span class="header-content">Groups for Suite1234</span>
          </div> <!-- main-panel-header rounded-window-top -->
          <div class="main-panel-content rounded-window-bottom">
          </div> <!-- main-panel-content rounded-window-bottom -->
        </div> <!-- panel -->
        <div panel-name="times-Suite1234" class="panel">
          <div class="main-panel-header rounded-window-top">
            <span class="header-content">Times for Suite1234</span>
          </div> <!-- main-panel-header rounded-window-top -->
          <div class="main-panel-content rounded-window-bottom">
            <div class="times-div">
              <script type="text/javascript">
suiteTableInitFunctions.push('tableData_Suite1234');
function tableData_Suite1234() {
var data = new google.visualization.DataTable();
data.addColumn('number', 'Number');
data.addColumn('string', 'Method');
data.addColumn('string', 'Class');
data.addColumn('number', 'Time (ms)');
data.addRows(12);
data.setCell(0, 0, 0)
data.setCell(0, 1, 'verifyMessageOnForgotPasswordPage')
data.setCell(0, 2, 'testNgpack.VerifyForgotPasswordPage')
data.setCell(0, 3, 1);
data.setCell(1, 0, 1)
data.setCell(1, 1, 'verifySignupHiddenElement')
data.setCell(1, 2, 'testNgpack.VerifySignUPPage')
data.setCell(1, 3, 0);
data.setCell(2, 0, 2)
data.setCell(2, 1, 'verifyCancelButtonOnForgotPasswordPage')
data.setCell(2, 2, 'testNgpack.VerifyForgotPasswordPage')
data.setCell(2, 3, 0);
data.setCell(3, 0, 3)
data.setCell(3, 1, 'verifySignUpFunctonality')
data.setCell(3, 2, 'testNgpack.VerifySignUPPage')
data.setCell(3, 3, 0);
data.setCell(4, 0, 4)
data.setCell(4, 1, 'verifyErrorMessageONSignUoPage')
data.setCell(4, 2, 'testNgpack.VerifySignUPPage')
data.setCell(4, 3, 0);
data.setCell(5, 0, 5)
data.setCell(5, 1, 'verifySearchFunctionOnForgotPasswordPage')
data.setCell(5, 2, 'testNgpack.VerifyForgotPasswordPage')
data.setCell(5, 3, 0);
data.setCell(6, 0, 6)
data.setCell(6, 1, 'verifyMessageOnForgotPasswordPage')
data.setCell(6, 2, 'testNgpack.VerifyForgotPasswordPage')
data.setCell(6, 3, 0);
data.setCell(7, 0, 7)
data.setCell(7, 1, 'verifySearchFunctionOnForgotPasswordPage')
data.setCell(7, 2, 'testNgpack.VerifyForgotPasswordPage')
data.setCell(7, 3, 0);
data.setCell(8, 0, 8)
data.setCell(8, 1, 'verifySignUpFunctonality')
data.setCell(8, 2, 'testNgpack.VerifySignUPPage')
data.setCell(8, 3, 0);
data.setCell(9, 0, 9)
data.setCell(9, 1, 'verifyErrorMessageONSignUoPage')
data.setCell(9, 2, 'testNgpack.VerifySignUPPage')
data.setCell(9, 3, 0);
data.setCell(10, 0, 10)
data.setCell(10, 1, 'verifyCancelButtonOnForgotPasswordPage')
data.setCell(10, 2, 'testNgpack.VerifyForgotPasswordPage')
data.setCell(10, 3, 0);
data.setCell(11, 0, 11)
data.setCell(11, 1, 'verifySignupHiddenElement')
data.setCell(11, 2, 'testNgpack.VerifySignUPPage')
data.setCell(11, 3, 0);
window.suiteTableData['Suite1234']= { tableData: data, tableDiv: 'times-div-Suite1234'}
return data;
}
              </script>
              <span class="suite-total-time">Total running time: 391 ms</span>
              <div id="times-div-Suite1234">
              </div> <!-- times-div-Suite1234 -->
            </div> <!-- times-div -->
          </div> <!-- main-panel-content rounded-window-bottom -->
        </div> <!-- panel -->
        <div panel-name="reporter-Suite1234" class="panel">
          <div class="main-panel-header rounded-window-top">
            <span class="header-content">Reporter output for Suite1234</span>
          </div> <!-- main-panel-header rounded-window-top -->
          <div class="main-panel-content rounded-window-bottom">
          </div> <!-- main-panel-content rounded-window-bottom -->
        </div> <!-- panel -->
        <div panel-name="ignored-methods-Suite1234" class="panel">
          <div class="main-panel-header rounded-window-top">
            <span class="header-content">0 ignored methods</span>
          </div> <!-- main-panel-header rounded-window-top -->
          <div class="main-panel-content rounded-window-bottom">
          </div> <!-- main-panel-content rounded-window-bottom -->
        </div> <!-- panel -->
        <div panel-name="chronological-Suite1234" class="panel">
          <div class="main-panel-header rounded-window-top">
            <span class="header-content">Methods in chronological order</span>
          </div> <!-- main-panel-header rounded-window-top -->
          <div class="main-panel-content rounded-window-bottom">
            <div class="chronological-class">
              <div class="chronological-class-name">testNgpack.VerifyForgotPasswordPage</div> <!-- chronological-class-name -->
              <div class="configuration-test before">
                <img src="failed.png">
                </img>
                <span class="method-name">openBrowser(Chrome)</span>
                <span class="method-start">0 ms</span>
              </div> <!-- configuration-test before -->
              <div class="configuration-test before">
                <img src="failed.png">
                </img>
                <span class="method-name">openBrowser(gghjgjkhlkjbirefox)</span>
                <span class="method-start">0 ms</span>
              </div> <!-- configuration-test before -->
            </div> <!-- chronological-class -->
            <div class="chronological-class">
              <div class="chronological-class-name">testNgpack.VerifySignUPPage</div> <!-- chronological-class-name -->
              <div class="configuration-test before">
                <span class="method-name">openBrowser</span>
                <span class="method-start">247 ms</span>
              </div> <!-- configuration-test before -->
            </div> <!-- chronological-class -->
            <div class="chronological-class">
              <div class="chronological-class-name">testNgpack.VerifyForgotPasswordPage</div> <!-- chronological-class-name -->
              <div class="configuration-class before">
                <span class="method-name">creatPOMObject</span>
                <span class="method-start">272 ms</span>
              </div> <!-- configuration-class before -->
            </div> <!-- chronological-class -->
            <div class="chronological-class">
              <div class="chronological-class-name">testNgpack.VerifySignUPPage</div> <!-- chronological-class-name -->
              <div class="configuration-class before">
                <span class="method-name">creatPOMObject</span>
                <span class="method-start">272 ms</span>
              </div> <!-- configuration-class before -->
            </div> <!-- chronological-class -->
            <div class="chronological-class">
              <div class="chronological-class-name">testNgpack.VerifyForgotPasswordPage</div> <!-- chronological-class-name -->
              <div class="configuration-method before">
                <span class="method-name">goToForgotPasswordPage</span>
                <span class="method-start">288 ms</span>
              </div> <!-- configuration-method before -->
            </div> <!-- chronological-class -->
            <div class="chronological-class">
              <div class="chronological-class-name">testNgpack.VerifySignUPPage</div> <!-- chronological-class-name -->
              <div class="configuration-method before">
                <span class="method-name">goToForgotPasswordPage</span>
                <span class="method-start">288 ms</span>
              </div> <!-- configuration-method before -->
              <div class="test-method">
                <span class="method-name">verifyErrorMessageONSignUoPage</span>
                <span class="method-start">293 ms</span>
              </div> <!-- test-method -->
            </div> <!-- chronological-class -->
            <div class="chronological-class">
              <div class="chronological-class-name">testNgpack.VerifyForgotPasswordPage</div> <!-- chronological-class-name -->
              <div class="test-method">
                <span class="method-name">verifyCancelButtonOnForgotPasswordPage</span>
                <span class="method-start">293 ms</span>
              </div> <!-- test-method -->
            </div> <!-- chronological-class -->
            <div class="chronological-class">
              <div class="chronological-class-name">testNgpack.VerifySignUPPage</div> <!-- chronological-class-name -->
              <div class="configuration-method after">
                <span class="method-name">logOutFromApplication</span>
                <span class="method-start">299 ms</span>
              </div> <!-- configuration-method after -->
            </div> <!-- chronological-class -->
            <div class="chronological-class">
              <div class="chronological-class-name">testNgpack.VerifyForgotPasswordPage</div> <!-- chronological-class-name -->
              <div class="configuration-method after">
                <span class="method-name">logOutFromApplication</span>
                <span class="method-start">300 ms</span>
              </div> <!-- configuration-method after -->
            </div> <!-- chronological-class -->
            <div class="chronological-class">
              <div class="chronological-class-name">testNgpack.VerifySignUPPage</div> <!-- chronological-class-name -->
              <div class="configuration-method before">
                <span class="method-name">goToForgotPasswordPage</span>
                <span class="method-start">303 ms</span>
              </div> <!-- configuration-method before -->
            </div> <!-- chronological-class -->
            <div class="chronological-class">
              <div class="chronological-class-name">testNgpack.VerifyForgotPasswordPage</div> <!-- chronological-class-name -->
              <div class="configuration-method before">
                <span class="method-name">goToForgotPasswordPage</span>
                <span class="method-start">305 ms</span>
              </div> <!-- configuration-method before -->
              <div class="test-method">
                <span class="method-name">verifyMessageOnForgotPasswordPage</span>
                <span class="method-start">308 ms</span>
              </div> <!-- test-method -->
            </div> <!-- chronological-class -->
            <div class="chronological-class">
              <div class="chronological-class-name">testNgpack.VerifySignUPPage</div> <!-- chronological-class-name -->
              <div class="test-method">
                <span class="method-name">verifySignUpFunctonality</span>
                <span class="method-start">308 ms</span>
              </div> <!-- test-method -->
              <div class="configuration-method after">
                <span class="method-name">logOutFromApplication</span>
                <span class="method-start">315 ms</span>
              </div> <!-- configuration-method after -->
            </div> <!-- chronological-class -->
            <div class="chronological-class">
              <div class="chronological-class-name">testNgpack.VerifyForgotPasswordPage</div> <!-- chronological-class-name -->
              <div class="configuration-method after">
                <span class="method-name">logOutFromApplication</span>
                <span class="method-start">316 ms</span>
              </div> <!-- configuration-method after -->
            </div> <!-- chronological-class -->
            <div class="chronological-class">
              <div class="chronological-class-name">testNgpack.VerifySignUPPage</div> <!-- chronological-class-name -->
              <div class="configuration-method before">
                <span class="method-name">goToForgotPasswordPage</span>
                <span class="method-start">318 ms</span>
              </div> <!-- configuration-method before -->
            </div> <!-- chronological-class -->
            <div class="chronological-class">
              <div class="chronological-class-name">testNgpack.VerifyForgotPasswordPage</div> <!-- chronological-class-name -->
              <div class="configuration-method before">
                <span class="method-name">goToForgotPasswordPage</span>
                <span class="method-start">320 ms</span>
              </div> <!-- configuration-method before -->
            </div> <!-- chronological-class -->
            <div class="chronological-class">
              <div class="chronological-class-name">testNgpack.VerifySignUPPage</div> <!-- chronological-class-name -->
              <div class="configuration-test before">
                <span class="method-name">openBrowser</span>
                <span class="method-start">323 ms</span>
              </div> <!-- configuration-test before -->
              <div class="test-method">
                <span class="method-name">verifySignupHiddenElement</span>
                <span class="method-start">326 ms</span>
              </div> <!-- test-method -->
              <div class="configuration-class before">
                <span class="method-name">creatPOMObject</span>
                <span class="method-start">327 ms</span>
              </div> <!-- configuration-class before -->
            </div> <!-- chronological-class -->
            <div class="chronological-class">
              <div class="chronological-class-name">testNgpack.VerifyForgotPasswordPage</div> <!-- chronological-class-name -->
              <div class="configuration-class before">
                <span class="method-name">creatPOMObject</span>
                <span class="method-start">327 ms</span>
              </div> <!-- configuration-class before -->
              <div class="test-method">
                <span class="method-name">verifySearchFunctionOnForgotPasswordPage</span>
                <span class="method-start">327 ms</span>
              </div> <!-- test-method -->
            </div> <!-- chronological-class -->
            <div class="chronological-class">
              <div class="chronological-class-name">testNgpack.VerifySignUPPage</div> <!-- chronological-class-name -->
              <div class="configuration-method before">
                <span class="method-name">goToForgotPasswordPage</span>
                <span class="method-start">333 ms</span>
              </div> <!-- configuration-method before -->
              <div class="test-method">
                <span class="method-name">verifyErrorMessageONSignUoPage</span>
                <span class="method-start">334 ms</span>
              </div> <!-- test-method -->
            </div> <!-- chronological-class -->
            <div class="chronological-class">
              <div class="chronological-class-name">testNgpack.VerifyForgotPasswordPage</div> <!-- chronological-class-name -->
              <div class="configuration-method before">
                <span class="method-name">goToForgotPasswordPage</span>
                <span class="method-start">334 ms</span>
              </div> <!-- configuration-method before -->
              <div class="configuration-method after">
                <span class="method-name">logOutFromApplication</span>
                <span class="method-start">335 ms</span>
              </div> <!-- configuration-method after -->
            </div> <!-- chronological-class -->
            <div class="chronological-class">
              <div class="chronological-class-name">testNgpack.VerifySignUPPage</div> <!-- chronological-class-name -->
              <div class="configuration-method after">
                <span class="method-name">logOutFromApplication</span>
                <span class="method-start">336 ms</span>
              </div> <!-- configuration-method after -->
            </div> <!-- chronological-class -->
            <div class="chronological-class">
              <div class="chronological-class-name">testNgpack.VerifyForgotPasswordPage</div> <!-- chronological-class-name -->
              <div class="test-method">
                <span class="method-name">verifyCancelButtonOnForgotPasswordPage</span>
                <span class="method-start">338 ms</span>
              </div> <!-- test-method -->
            </div> <!-- chronological-class -->
            <div class="chronological-class">
              <div class="chronological-class-name">testNgpack.VerifySignUPPage</div> <!-- chronological-class-name -->
              <div class="configuration-method after">
                <span class="method-name">logOutFromApplication</span>
                <span class="method-start">339 ms</span>
              </div> <!-- configuration-method after -->
            </div> <!-- chronological-class -->
            <div class="chronological-class">
              <div class="chronological-class-name">testNgpack.VerifyForgotPasswordPage</div> <!-- chronological-class-name -->
              <div class="configuration-class after">
                <span class="method-name">clearObjects</span>
                <span class="method-start">341 ms</span>
              </div> <!-- configuration-class after -->
            </div> <!-- chronological-class -->
            <div class="chronological-class">
              <div class="chronological-class-name">testNgpack.VerifySignUPPage</div> <!-- chronological-class-name -->
              <div class="configuration-method before">
                <span class="method-name">goToForgotPasswordPage</span>
                <span class="method-start">342 ms</span>
              </div> <!-- configuration-method before -->
              <div class="test-method">
                <span class="method-name">verifySignUpFunctonality</span>
                <span class="method-start">343 ms</span>
              </div> <!-- test-method -->
              <div class="configuration-class after">
                <span class="method-name">clearObjects</span>
                <span class="method-start">345 ms</span>
              </div> <!-- configuration-class after -->
            </div> <!-- chronological-class -->
            <div class="chronological-class">
              <div class="chronological-class-name">testNgpack.VerifyForgotPasswordPage</div> <!-- chronological-class-name -->
              <div class="configuration-method after">
                <span class="method-name">logOutFromApplication</span>
                <span class="method-start">348 ms</span>
              </div> <!-- configuration-method after -->
            </div> <!-- chronological-class -->
            <div class="chronological-class">
              <div class="chronological-class-name">testNgpack.VerifySignUPPage</div> <!-- chronological-class-name -->
              <div class="configuration-method after">
                <span class="method-name">logOutFromApplication</span>
                <span class="method-start">349 ms</span>
              </div> <!-- configuration-method after -->
              <div class="configuration-method before">
                <span class="method-name">goToForgotPasswordPage</span>
                <span class="method-start">350 ms</span>
              </div> <!-- configuration-method before -->
            </div> <!-- chronological-class -->
            <div class="chronological-class">
              <div class="chronological-class-name">testNgpack.VerifyForgotPasswordPage</div> <!-- chronological-class-name -->
              <div class="configuration-method before">
                <span class="method-name">goToForgotPasswordPage</span>
                <span class="method-start">352 ms</span>
              </div> <!-- configuration-method before -->
            </div> <!-- chronological-class -->
            <div class="chronological-class">
              <div class="chronological-class-name">testNgpack.VerifySignUPPage</div> <!-- chronological-class-name -->
              <div class="test-method">
                <span class="method-name">verifySignupHiddenElement</span>
                <span class="method-start">359 ms</span>
              </div> <!-- test-method -->
            </div> <!-- chronological-class -->
            <div class="chronological-class">
              <div class="chronological-class-name">testNgpack.VerifyForgotPasswordPage</div> <!-- chronological-class-name -->
              <div class="configuration-test after">
                <span class="method-name">closedBrowser</span>
                <span class="method-start">361 ms</span>
              </div> <!-- configuration-test after -->
              <div class="test-method">
                <span class="method-name">verifyMessageOnForgotPasswordPage</span>
                <span class="method-start">362 ms</span>
              </div> <!-- test-method -->
            </div> <!-- chronological-class -->
            <div class="chronological-class">
              <div class="chronological-class-name">testNgpack.VerifySignUPPage</div> <!-- chronological-class-name -->
              <div class="configuration-method after">
                <span class="method-name">logOutFromApplication</span>
                <span class="method-start">364 ms</span>
              </div> <!-- configuration-method after -->
              <div class="configuration-test after">
                <span class="method-name">closedBrowser</span>
                <span class="method-start">365 ms</span>
              </div> <!-- configuration-test after -->
              <div class="configuration-class after">
                <span class="method-name">clearObjects</span>
                <span class="method-start">367 ms</span>
              </div> <!-- configuration-class after -->
            </div> <!-- chronological-class -->
            <div class="chronological-class">
              <div class="chronological-class-name">testNgpack.VerifyForgotPasswordPage</div> <!-- chronological-class-name -->
              <div class="configuration-method after">
                <span class="method-name">logOutFromApplication</span>
                <span class="method-start">370 ms</span>
              </div> <!-- configuration-method after -->
              <div class="configuration-method before">
                <span class="method-name">goToForgotPasswordPage</span>
                <span class="method-start">372 ms</span>
              </div> <!-- configuration-method before -->
              <div class="test-method">
                <span class="method-name">verifySearchFunctionOnForgotPasswordPage</span>
                <span class="method-start">373 ms</span>
              </div> <!-- test-method -->
              <div class="configuration-method after">
                <span class="method-name">logOutFromApplication</span>
                <span class="method-start">375 ms</span>
              </div> <!-- configuration-method after -->
              <div class="configuration-class after">
                <span class="method-name">clearObjects</span>
                <span class="method-start">376 ms</span>
              </div> <!-- configuration-class after -->
              <div class="configuration-test after">
                <span class="method-name">closedBrowser</span>
                <span class="method-start">379 ms</span>
              </div> <!-- configuration-test after -->
            </div> <!-- chronological-class -->
            <div class="chronological-class">
              <div class="chronological-class-name">testNgpack.VerifySignUPPage</div> <!-- chronological-class-name -->
              <div class="configuration-test after">
                <span class="method-name">closedBrowser</span>
                <span class="method-start">380 ms</span>
              </div> <!-- configuration-test after -->
          </div> <!-- main-panel-content rounded-window-bottom -->
        </div> <!-- panel -->
      </div> <!-- main-panel-root -->
    </div> <!-- wrapper -->
  </body>
<script type="text/javascript" src="testng-reports2.js"></script>
</html>
