<?xml version="1.0" encoding="UTF-8"?>
<testng-results ignored="0" total="12" passed="0" failed="0" skipped="12">
  <reporter-output>
  </reporter-output>
  <suite started-at="2023-04-19T08:20:15 IST" name="Suite1234" finished-at="2023-04-19T08:20:15 IST" duration-ms="391">
    <groups>
    </groups>
    <test started-at="2023-04-19T08:20:15 IST" name="FirefoxTest" finished-at="2023-04-19T08:20:15 IST" duration-ms="378">
      <class name="testNgpack.VerifySignUPPage">
        <test-method is-config="true" signature="openBrowser(java.lang.String)[pri:0, instance:testNgpack.VerifySignUPPage@158da8e]" started-at="2023-04-19T08:20:15 IST" name="openBrowser" finished-at="1970-01-01T05:30:00 IST" duration-ms="-1681872615689" status="SKIP">
          <reporter-output>
          </reporter-output>
        </test-method> <!-- openBrowser -->
        <test-method is-config="true" signature="creatPOMObject()[pri:0, instance:testNgpack.VerifySignUPPage@158da8e]" started-at="2023-04-19T08:20:15 IST" name="creatPOMObject" finished-at="1970-01-01T05:30:00 IST" duration-ms="-1681872615714" status="SKIP">
          <reporter-output>
          </reporter-output>
        </test-method> <!-- creatPOMObject -->
        <test-method is-config="true" signature="goToForgotPasswordPage()[pri:0, instance:testNgpack.VerifySignUPPage@158da8e]" started-at="2023-04-19T08:20:15 IST" name="goToForgotPasswordPage" finished-at="1970-01-01T05:30:00 IST" duration-ms="-1681872615730" status="SKIP">
          <reporter-output>
          </reporter-output>
        </test-method> <!-- goToForgotPasswordPage -->
        <test-method signature="verifyErrorMessageONSignUoPage()[pri:0, instance:testNgpack.VerifySignUPPage@158da8e]" started-at="2023-04-19T08:20:15 IST" name="verifyErrorMessageONSignUoPage" finished-at="2023-04-19T08:20:15 IST" duration-ms="0" status="SKIP">
          <exception class="java.lang.NullPointerException">
            <message>
              <![CDATA[Cannot invoke "org.openqa.selenium.WebDriver.manage()" because "this.driver" is null]]>
            </message>
            <full-stacktrace>
              <![CDATA[java.lang.NullPointerException: Cannot invoke "org.openqa.selenium.WebDriver.manage()" because "this.driver" is null
at testNgpack.VerifyForgotPasswordPage.openBrowser(VerifyForgotPasswordPage.java:63)
at java.base/jdk.internal.reflect.DirectMethodHandleAccessor.invoke(DirectMethodHandleAccessor.java:104)
at java.base/java.lang.reflect.Method.invoke(Method.java:577)
at org.testng.internal.MethodInvocationHelper.invokeMethod(MethodInvocationHelper.java:133)
at org.testng.internal.MethodInvocationHelper.invokeMethodConsideringTimeout(MethodInvocationHelper.java:62)
at org.testng.internal.ConfigInvoker.invokeConfigurationMethod(ConfigInvoker.java:385)
at org.testng.internal.ConfigInvoker.invokeConfigurations(ConfigInvoker.java:321)
at org.testng.TestRunner.invokeTestConfigurations(TestRunner.java:637)
at org.testng.TestRunner.beforeRun(TestRunner.java:627)
at org.testng.TestRunner.run(TestRunner.java:589)
at org.testng.SuiteRunner.runTest(SuiteRunner.java:377)
at org.testng.SuiteRunner.access$000(SuiteRunner.java:28)
at org.testng.SuiteRunner$SuiteWorker.run(SuiteRunner.java:418)
at org.testng.internal.thread.ThreadUtil.lambda$execute$0(ThreadUtil.java:64)
at java.base/java.util.concurrent.FutureTask.run(FutureTask.java:264)
at java.base/java.util.concurrent.ThreadPoolExecutor.runWorker(ThreadPoolExecutor.java:1136)
at java.base/java.util.concurrent.ThreadPoolExecutor$Worker.run(ThreadPoolExecutor.java:635)
at java.base/java.lang.Thread.run(Thread.java:833)
]]>
            </full-stacktrace>
          </exception> <!-- java.lang.NullPointerException -->
          <reporter-output>
          </reporter-output>
        </test-method> <!-- verifyErrorMessageONSignUoPage -->
        <test-method is-config="true" signature="logOutFromApplication()[pri:0, instance:testNgpack.VerifySignUPPage@158da8e]" started-at="2023-04-19T08:20:15 IST" name="logOutFromApplication" finished-at="1970-01-01T05:30:00 IST" duration-ms="-1681872615741" status="SKIP">
          <reporter-output>
          </reporter-output>
        </test-method> <!-- logOutFromApplication -->
        <test-method is-config="true" signature="goToForgotPasswordPage()[pri:0, instance:testNgpack.VerifySignUPPage@158da8e]" started-at="2023-04-19T08:20:15 IST" name="goToForgotPasswordPage" finished-at="1970-01-01T05:30:00 IST" duration-ms="-1681872615745" status="SKIP">
          <reporter-output>
          </reporter-output>
        </test-method> <!-- goToForgotPasswordPage -->
        <test-method signature="verifySignUpFunctonality()[pri:0, instance:testNgpack.VerifySignUPPage@158da8e]" started-at="2023-04-19T08:20:15 IST" name="verifySignUpFunctonality" finished-at="2023-04-19T08:20:15 IST" duration-ms="0" status="SKIP">
          <exception class="java.lang.NullPointerException">
            <message>
              <![CDATA[Cannot invoke "org.openqa.selenium.WebDriver.manage()" because "this.driver" is null]]>
            </message>
            <full-stacktrace>
              <![CDATA[java.lang.NullPointerException: Cannot invoke "org.openqa.selenium.WebDriver.manage()" because "this.driver" is null
at testNgpack.VerifyForgotPasswordPage.openBrowser(VerifyForgotPasswordPage.java:63)
at java.base/jdk.internal.reflect.DirectMethodHandleAccessor.invoke(DirectMethodHandleAccessor.java:104)
at java.base/java.lang.reflect.Method.invoke(Method.java:577)
at org.testng.internal.MethodInvocationHelper.invokeMethod(MethodInvocationHelper.java:133)
at org.testng.internal.MethodInvocationHelper.invokeMethodConsideringTimeout(MethodInvocationHelper.java:62)
at org.testng.internal.ConfigInvoker.invokeConfigurationMethod(ConfigInvoker.java:385)
at org.testng.internal.ConfigInvoker.invokeConfigurations(ConfigInvoker.java:321)
at org.testng.TestRunner.invokeTestConfigurations(TestRunner.java:637)
at org.testng.TestRunner.beforeRun(TestRunner.java:627)
at org.testng.TestRunner.run(TestRunner.java:589)
at org.testng.SuiteRunner.runTest(SuiteRunner.java:377)
at org.testng.SuiteRunner.access$000(SuiteRunner.java:28)
at org.testng.SuiteRunner$SuiteWorker.run(SuiteRunner.java:418)
at org.testng.internal.thread.ThreadUtil.lambda$execute$0(ThreadUtil.java:64)
at java.base/java.util.concurrent.FutureTask.run(FutureTask.java:264)
at java.base/java.util.concurrent.ThreadPoolExecutor.runWorker(ThreadPoolExecutor.java:1136)
at java.base/java.util.concurrent.ThreadPoolExecutor$Worker.run(ThreadPoolExecutor.java:635)
at java.base/java.lang.Thread.run(Thread.java:833)
]]>
            </full-stacktrace>
          </exception> <!-- java.lang.NullPointerException -->
          <reporter-output>
          </reporter-output>
        </test-method> <!-- verifySignUpFunctonality -->
        <test-method is-config="true" signature="logOutFromApplication()[pri:0, instance:testNgpack.VerifySignUPPage@158da8e]" started-at="2023-04-19T08:20:15 IST" name="logOutFromApplication" finished-at="1970-01-01T05:30:00 IST" duration-ms="-1681872615757" status="SKIP">
          <reporter-output>
          </reporter-output>
        </test-method> <!-- logOutFromApplication -->
        <test-method is-config="true" signature="goToForgotPasswordPage()[pri:0, instance:testNgpack.VerifySignUPPage@158da8e]" started-at="2023-04-19T08:20:15 IST" name="goToForgotPasswordPage" finished-at="1970-01-01T05:30:00 IST" duration-ms="-1681872615760" status="SKIP">
          <reporter-output>
          </reporter-output>
        </test-method> <!-- goToForgotPasswordPage -->
        <test-method signature="verifySignupHiddenElement()[pri:0, instance:testNgpack.VerifySignUPPage@158da8e]" started-at="2023-04-19T08:20:15 IST" name="verifySignupHiddenElement" finished-at="2023-04-19T08:20:15 IST" duration-ms="0" status="SKIP">
          <exception class="java.lang.NullPointerException">
            <message>
              <![CDATA[Cannot invoke "org.openqa.selenium.WebDriver.manage()" because "this.driver" is null]]>
            </message>
            <full-stacktrace>
              <![CDATA[java.lang.NullPointerException: Cannot invoke "org.openqa.selenium.WebDriver.manage()" because "this.driver" is null
at testNgpack.VerifyForgotPasswordPage.openBrowser(VerifyForgotPasswordPage.java:63)
at java.base/jdk.internal.reflect.DirectMethodHandleAccessor.invoke(DirectMethodHandleAccessor.java:104)
at java.base/java.lang.reflect.Method.invoke(Method.java:577)
at org.testng.internal.MethodInvocationHelper.invokeMethod(MethodInvocationHelper.java:133)
at org.testng.internal.MethodInvocationHelper.invokeMethodConsideringTimeout(MethodInvocationHelper.java:62)
at org.testng.internal.ConfigInvoker.invokeConfigurationMethod(ConfigInvoker.java:385)
at org.testng.internal.ConfigInvoker.invokeConfigurations(ConfigInvoker.java:321)
at org.testng.TestRunner.invokeTestConfigurations(TestRunner.java:637)
at org.testng.TestRunner.beforeRun(TestRunner.java:627)
at org.testng.TestRunner.run(TestRunner.java:589)
at org.testng.SuiteRunner.runTest(SuiteRunner.java:377)
at org.testng.SuiteRunner.access$000(SuiteRunner.java:28)
at org.testng.SuiteRunner$SuiteWorker.run(SuiteRunner.java:418)
at org.testng.internal.thread.ThreadUtil.lambda$execute$0(ThreadUtil.java:64)
at java.base/java.util.concurrent.FutureTask.run(FutureTask.java:264)
at java.base/java.util.concurrent.ThreadPoolExecutor.runWorker(ThreadPoolExecutor.java:1136)
at java.base/java.util.concurrent.ThreadPoolExecutor$Worker.run(ThreadPoolExecutor.java:635)
at java.base/java.lang.Thread.run(Thread.java:833)
]]>
            </full-stacktrace>
          </exception> <!-- java.lang.NullPointerException -->
          <reporter-output>
          </reporter-output>
        </test-method> <!-- verifySignupHiddenElement -->
        <test-method is-config="true" signature="logOutFromApplication()[pri:0, instance:testNgpack.VerifySignUPPage@158da8e]" started-at="2023-04-19T08:20:15 IST" name="logOutFromApplication" finished-at="1970-01-01T05:30:00 IST" duration-ms="-1681872615778" status="SKIP">
          <reporter-output>
          </reporter-output>
        </test-method> <!-- logOutFromApplication -->
        <test-method is-config="true" signature="clearObjects()[pri:0, instance:testNgpack.VerifySignUPPage@158da8e]" started-at="2023-04-19T08:20:15 IST" name="clearObjects" finished-at="1970-01-01T05:30:00 IST" duration-ms="-1681872615787" status="SKIP">
          <reporter-output>
          </reporter-output>
        </test-method> <!-- clearObjects -->
        <test-method is-config="true" signature="closedBrowser()[pri:0, instance:testNgpack.VerifySignUPPage@158da8e]" started-at="2023-04-19T08:20:15 IST" name="closedBrowser" finished-at="1970-01-01T05:30:00 IST" duration-ms="-1681872615807" status="SKIP">
          <reporter-output>
          </reporter-output>
        </test-method> <!-- closedBrowser -->
      </class> <!-- testNgpack.VerifySignUPPage -->
      <class name="testNgpack.VerifyForgotPasswordPage">
        <test-method is-config="true" signature="openBrowser(java.lang.String)[pri:0, instance:testNgpack.VerifyForgotPasswordPage@6aba2b86]" started-at="2023-04-19T08:20:15 IST" name="openBrowser" finished-at="2023-04-19T08:20:15 IST" duration-ms="229" status="FAIL">
          <params>
            <param index="0">
              <value>
                <![CDATA[gghjgjkhlkjbirefox]]>
              </value>
            </param>
          </params>
          <exception class="java.lang.NullPointerException">
            <message>
              <![CDATA[Cannot invoke "org.openqa.selenium.WebDriver.manage()" because "this.driver" is null]]>
            </message>
            <full-stacktrace>
              <![CDATA[java.lang.NullPointerException: Cannot invoke "org.openqa.selenium.WebDriver.manage()" because "this.driver" is null
at testNgpack.VerifyForgotPasswordPage.openBrowser(VerifyForgotPasswordPage.java:63)
at java.base/jdk.internal.reflect.DirectMethodHandleAccessor.invoke(DirectMethodHandleAccessor.java:104)
at java.base/java.lang.reflect.Method.invoke(Method.java:577)
at org.testng.internal.MethodInvocationHelper.invokeMethod(MethodInvocationHelper.java:133)
at org.testng.internal.MethodInvocationHelper.invokeMethodConsideringTimeout(MethodInvocationHelper.java:62)
at org.testng.internal.ConfigInvoker.invokeConfigurationMethod(ConfigInvoker.java:385)
at org.testng.internal.ConfigInvoker.invokeConfigurations(ConfigInvoker.java:321)
at org.testng.TestRunner.invokeTestConfigurations(TestRunner.java:637)
at org.testng.TestRunner.beforeRun(TestRunner.java:627)
at org.testng.TestRunner.run(TestRunner.java:589)
at org.testng.SuiteRunner.runTest(SuiteRunner.java:377)
at org.testng.SuiteRunner.access$000(SuiteRunner.java:28)
at org.testng.SuiteRunner$SuiteWorker.run(SuiteRunner.java:418)
at org.testng.internal.thread.ThreadUtil.lambda$execute$0(ThreadUtil.java:64)
at java.base/java.util.concurrent.FutureTask.run(FutureTask.java:264)
at java.base/java.util.concurrent.ThreadPoolExecutor.runWorker(ThreadPoolExecutor.java:1136)
at java.base/java.util.concurrent.ThreadPoolExecutor$Worker.run(ThreadPoolExecutor.java:635)
at java.base/java.lang.Thread.run(Thread.java:833)
]]>
            </full-stacktrace>
          </exception> <!-- java.lang.NullPointerException -->
          <reporter-output>
          </reporter-output>
        </test-method> <!-- openBrowser -->
        <test-method is-config="true" signature="creatPOMObject()[pri:0, instance:testNgpack.VerifyForgotPasswordPage@6aba2b86]" started-at="2023-04-19T08:20:15 IST" name="creatPOMObject" finished-at="1970-01-01T05:30:00 IST" duration-ms="-1681872615714" status="SKIP">
          <reporter-output>
          </reporter-output>
        </test-method> <!-- creatPOMObject -->
        <test-method is-config="true" signature="goToForgotPasswordPage()[pri:0, instance:testNgpack.VerifyForgotPasswordPage@6aba2b86]" started-at="2023-04-19T08:20:15 IST" name="goToForgotPasswordPage" finished-at="1970-01-01T05:30:00 IST" duration-ms="-1681872615730" status="SKIP">
          <reporter-output>
          </reporter-output>
        </test-method> <!-- goToForgotPasswordPage -->
        <test-method signature="verifyCancelButtonOnForgotPasswordPage()[pri:0, instance:testNgpack.VerifyForgotPasswordPage@6aba2b86]" started-at="2023-04-19T08:20:15 IST" name="verifyCancelButtonOnForgotPasswordPage" finished-at="2023-04-19T08:20:15 IST" duration-ms="0" status="SKIP">
          <exception class="java.lang.NullPointerException">
            <message>
              <![CDATA[Cannot invoke "org.openqa.selenium.WebDriver.manage()" because "this.driver" is null]]>
            </message>
            <full-stacktrace>
              <![CDATA[java.lang.NullPointerException: Cannot invoke "org.openqa.selenium.WebDriver.manage()" because "this.driver" is null
at testNgpack.VerifyForgotPasswordPage.openBrowser(VerifyForgotPasswordPage.java:63)
at java.base/jdk.internal.reflect.DirectMethodHandleAccessor.invoke(DirectMethodHandleAccessor.java:104)
at java.base/java.lang.reflect.Method.invoke(Method.java:577)
at org.testng.internal.MethodInvocationHelper.invokeMethod(MethodInvocationHelper.java:133)
at org.testng.internal.MethodInvocationHelper.invokeMethodConsideringTimeout(MethodInvocationHelper.java:62)
at org.testng.internal.ConfigInvoker.invokeConfigurationMethod(ConfigInvoker.java:385)
at org.testng.internal.ConfigInvoker.invokeConfigurations(ConfigInvoker.java:321)
at org.testng.TestRunner.invokeTestConfigurations(TestRunner.java:637)
at org.testng.TestRunner.beforeRun(TestRunner.java:627)
at org.testng.TestRunner.run(TestRunner.java:589)
at org.testng.SuiteRunner.runTest(SuiteRunner.java:377)
at org.testng.SuiteRunner.access$000(SuiteRunner.java:28)
at org.testng.SuiteRunner$SuiteWorker.run(SuiteRunner.java:418)
at org.testng.internal.thread.ThreadUtil.lambda$execute$0(ThreadUtil.java:64)
at java.base/java.util.concurrent.FutureTask.run(FutureTask.java:264)
at java.base/java.util.concurrent.ThreadPoolExecutor.runWorker(ThreadPoolExecutor.java:1136)
at java.base/java.util.concurrent.ThreadPoolExecutor$Worker.run(ThreadPoolExecutor.java:635)
at java.base/java.lang.Thread.run(Thread.java:833)
]]>
            </full-stacktrace>
          </exception> <!-- java.lang.NullPointerException -->
          <reporter-output>
          </reporter-output>
        </test-method> <!-- verifyCancelButtonOnForgotPasswordPage -->
        <test-method is-config="true" signature="logOutFromApplication(org.testng.ITestResult)[pri:0, instance:testNgpack.VerifyForgotPasswordPage@6aba2b86]" started-at="2023-04-19T08:20:15 IST" name="logOutFromApplication" finished-at="1970-01-01T05:30:00 IST" duration-ms="-1681872615742" status="SKIP">
          <reporter-output>
          </reporter-output>
        </test-method> <!-- logOutFromApplication -->
        <test-method is-config="true" signature="goToForgotPasswordPage()[pri:0, instance:testNgpack.VerifyForgotPasswordPage@6aba2b86]" started-at="2023-04-19T08:20:15 IST" name="goToForgotPasswordPage" finished-at="1970-01-01T05:30:00 IST" duration-ms="-1681872615747" status="SKIP">
          <reporter-output>
          </reporter-output>
        </test-method> <!-- goToForgotPasswordPage -->
        <test-method signature="verifyMessageOnForgotPasswordPage()[pri:0, instance:testNgpack.VerifyForgotPasswordPage@6aba2b86]" started-at="2023-04-19T08:20:15 IST" name="verifyMessageOnForgotPasswordPage" finished-at="2023-04-19T08:20:15 IST" duration-ms="0" status="SKIP">
          <exception class="java.lang.NullPointerException">
            <message>
              <![CDATA[Cannot invoke "org.openqa.selenium.WebDriver.manage()" because "this.driver" is null]]>
            </message>
            <full-stacktrace>
              <![CDATA[java.lang.NullPointerException: Cannot invoke "org.openqa.selenium.WebDriver.manage()" because "this.driver" is null
at testNgpack.VerifyForgotPasswordPage.openBrowser(VerifyForgotPasswordPage.java:63)
at java.base/jdk.internal.reflect.DirectMethodHandleAccessor.invoke(DirectMethodHandleAccessor.java:104)
at java.base/java.lang.reflect.Method.invoke(Method.java:577)
at org.testng.internal.MethodInvocationHelper.invokeMethod(MethodInvocationHelper.java:133)
at org.testng.internal.MethodInvocationHelper.invokeMethodConsideringTimeout(MethodInvocationHelper.java:62)
at org.testng.internal.ConfigInvoker.invokeConfigurationMethod(ConfigInvoker.java:385)
at org.testng.internal.ConfigInvoker.invokeConfigurations(ConfigInvoker.java:321)
at org.testng.TestRunner.invokeTestConfigurations(TestRunner.java:637)
at org.testng.TestRunner.beforeRun(TestRunner.java:627)
at org.testng.TestRunner.run(TestRunner.java:589)
at org.testng.SuiteRunner.runTest(SuiteRunner.java:377)
at org.testng.SuiteRunner.access$000(SuiteRunner.java:28)
at org.testng.SuiteRunner$SuiteWorker.run(SuiteRunner.java:418)
at org.testng.internal.thread.ThreadUtil.lambda$execute$0(ThreadUtil.java:64)
at java.base/java.util.concurrent.FutureTask.run(FutureTask.java:264)
at java.base/java.util.concurrent.ThreadPoolExecutor.runWorker(ThreadPoolExecutor.java:1136)
at java.base/java.util.concurrent.ThreadPoolExecutor$Worker.run(ThreadPoolExecutor.java:635)
at java.base/java.lang.Thread.run(Thread.java:833)
]]>
            </full-stacktrace>
          </exception> <!-- java.lang.NullPointerException -->
          <reporter-output>
          </reporter-output>
        </test-method> <!-- verifyMessageOnForgotPasswordPage -->
        <test-method is-config="true" signature="logOutFromApplication(org.testng.ITestResult)[pri:0, instance:testNgpack.VerifyForgotPasswordPage@6aba2b86]" started-at="2023-04-19T08:20:15 IST" name="logOutFromApplication" finished-at="1970-01-01T05:30:00 IST" duration-ms="-1681872615758" status="SKIP">
          <reporter-output>
          </reporter-output>
        </test-method> <!-- logOutFromApplication -->
        <test-method is-config="true" signature="goToForgotPasswordPage()[pri:0, instance:testNgpack.VerifyForgotPasswordPage@6aba2b86]" started-at="2023-04-19T08:20:15 IST" name="goToForgotPasswordPage" finished-at="1970-01-01T05:30:00 IST" duration-ms="-1681872615762" status="SKIP">
          <reporter-output>
          </reporter-output>
        </test-method> <!-- goToForgotPasswordPage -->
        <test-method signature="verifySearchFunctionOnForgotPasswordPage()[pri:0, instance:testNgpack.VerifyForgotPasswordPage@6aba2b86]" started-at="2023-04-19T08:20:15 IST" name="verifySearchFunctionOnForgotPasswordPage" finished-at="2023-04-19T08:20:15 IST" duration-ms="0" status="SKIP">
          <exception class="java.lang.NullPointerException">
            <message>
              <![CDATA[Cannot invoke "org.openqa.selenium.WebDriver.manage()" because "this.driver" is null]]>
            </message>
            <full-stacktrace>
              <![CDATA[java.lang.NullPointerException: Cannot invoke "org.openqa.selenium.WebDriver.manage()" because "this.driver" is null
at testNgpack.VerifyForgotPasswordPage.openBrowser(VerifyForgotPasswordPage.java:63)
at java.base/jdk.internal.reflect.DirectMethodHandleAccessor.invoke(DirectMethodHandleAccessor.java:104)
at java.base/java.lang.reflect.Method.invoke(Method.java:577)
at org.testng.internal.MethodInvocationHelper.invokeMethod(MethodInvocationHelper.java:133)
at org.testng.internal.MethodInvocationHelper.invokeMethodConsideringTimeout(MethodInvocationHelper.java:62)
at org.testng.internal.ConfigInvoker.invokeConfigurationMethod(ConfigInvoker.java:385)
at org.testng.internal.ConfigInvoker.invokeConfigurations(ConfigInvoker.java:321)
at org.testng.TestRunner.invokeTestConfigurations(TestRunner.java:637)
at org.testng.TestRunner.beforeRun(TestRunner.java:627)
at org.testng.TestRunner.run(TestRunner.java:589)
at org.testng.SuiteRunner.runTest(SuiteRunner.java:377)
at org.testng.SuiteRunner.access$000(SuiteRunner.java:28)
at org.testng.SuiteRunner$SuiteWorker.run(SuiteRunner.java:418)
at org.testng.internal.thread.ThreadUtil.lambda$execute$0(ThreadUtil.java:64)
at java.base/java.util.concurrent.FutureTask.run(FutureTask.java:264)
at java.base/java.util.concurrent.ThreadPoolExecutor.runWorker(ThreadPoolExecutor.java:1136)
at java.base/java.util.concurrent.ThreadPoolExecutor$Worker.run(ThreadPoolExecutor.java:635)
at java.base/java.lang.Thread.run(Thread.java:833)
]]>
            </full-stacktrace>
          </exception> <!-- java.lang.NullPointerException -->
          <reporter-output>
          </reporter-output>
        </test-method> <!-- verifySearchFunctionOnForgotPasswordPage -->
        <test-method is-config="true" signature="logOutFromApplication(org.testng.ITestResult)[pri:0, instance:testNgpack.VerifyForgotPasswordPage@6aba2b86]" started-at="2023-04-19T08:20:15 IST" name="logOutFromApplication" finished-at="1970-01-01T05:30:00 IST" duration-ms="-1681872615777" status="SKIP">
          <reporter-output>
          </reporter-output>
        </test-method> <!-- logOutFromApplication -->
        <test-method is-config="true" signature="clearObjects()[pri:0, instance:testNgpack.VerifyForgotPasswordPage@6aba2b86]" started-at="2023-04-19T08:20:15 IST" name="clearObjects" finished-at="1970-01-01T05:30:00 IST" duration-ms="-1681872615783" status="SKIP">
          <reporter-output>
          </reporter-output>
        </test-method> <!-- clearObjects -->
        <test-method is-config="true" signature="closedBrowser()[pri:0, instance:testNgpack.VerifyForgotPasswordPage@6aba2b86]" started-at="2023-04-19T08:20:15 IST" name="closedBrowser" finished-at="1970-01-01T05:30:00 IST" duration-ms="-1681872615803" status="SKIP">
          <reporter-output>
          </reporter-output>
        </test-method> <!-- closedBrowser -->
      </class> <!-- testNgpack.VerifyForgotPasswordPage -->
    </test> <!-- FirefoxTest -->
    <test started-at="2023-04-19T08:20:15 IST" name="ChromeTest" finished-at="2023-04-19T08:20:15 IST" duration-ms="391">
      <class name="testNgpack.VerifySignUPPage">
        <test-method is-config="true" signature="openBrowser(java.lang.String)[pri:0, instance:testNgpack.VerifySignUPPage@1cbbffcd]" started-at="2023-04-19T08:20:15 IST" name="openBrowser" finished-at="1970-01-01T05:30:00 IST" duration-ms="-1681872615765" status="SKIP">
          <reporter-output>
          </reporter-output>
        </test-method> <!-- openBrowser -->
        <test-method is-config="true" signature="creatPOMObject()[pri:0, instance:testNgpack.VerifySignUPPage@1cbbffcd]" started-at="2023-04-19T08:20:15 IST" name="creatPOMObject" finished-at="1970-01-01T05:30:00 IST" duration-ms="-1681872615769" status="SKIP">
          <reporter-output>
          </reporter-output>
        </test-method> <!-- creatPOMObject -->
        <test-method is-config="true" signature="goToForgotPasswordPage()[pri:0, instance:testNgpack.VerifySignUPPage@1cbbffcd]" started-at="2023-04-19T08:20:15 IST" name="goToForgotPasswordPage" finished-at="1970-01-01T05:30:00 IST" duration-ms="-1681872615775" status="SKIP">
          <reporter-output>
          </reporter-output>
        </test-method> <!-- goToForgotPasswordPage -->
        <test-method signature="verifyErrorMessageONSignUoPage()[pri:0, instance:testNgpack.VerifySignUPPage@1cbbffcd]" started-at="2023-04-19T08:20:15 IST" name="verifyErrorMessageONSignUoPage" finished-at="2023-04-19T08:20:15 IST" duration-ms="0" status="SKIP">
          <exception class="java.lang.IllegalStateException">
            <message>
              <![CDATA[The driver executable does not exist: C:\Users\akash\eclipse-workspace\2022\Q4\Maven_05thNov\src\test\resources\browserFile\chromedriver.exe]]>
            </message>
            <full-stacktrace>
              <![CDATA[java.lang.IllegalStateException: The driver executable does not exist: C:\Users\akash\eclipse-workspace\2022\Q4\Maven_05thNov\src\test\resources\browserFile\chromedriver.exe
at com.google.common.base.Preconditions.checkState(Preconditions.java:585)
at org.openqa.selenium.remote.service.DriverService.checkExecutable(DriverService.java:146)
at org.openqa.selenium.remote.service.DriverService.findExecutable(DriverService.java:141)
at org.openqa.selenium.chrome.ChromeDriverService.access$000(ChromeDriverService.java:35)
at org.openqa.selenium.chrome.ChromeDriverService$Builder.findDefaultExecutable(ChromeDriverService.java:159)
at org.openqa.selenium.remote.service.DriverService$Builder.build(DriverService.java:355)
at org.openqa.selenium.chrome.ChromeDriverService.createDefaultService(ChromeDriverService.java:94)
at org.openqa.selenium.chrome.ChromeDriver.<init>(ChromeDriver.java:123)
at browsersSetup.Base.openChromeBrowser(Base.java:12)
at testNgpack.VerifyForgotPasswordPage.openBrowser(VerifyForgotPasswordPage.java:51)
at java.base/jdk.internal.reflect.DirectMethodHandleAccessor.invoke(DirectMethodHandleAccessor.java:104)
at java.base/java.lang.reflect.Method.invoke(Method.java:577)
at org.testng.internal.MethodInvocationHelper.invokeMethod(MethodInvocationHelper.java:133)
at org.testng.internal.MethodInvocationHelper.invokeMethodConsideringTimeout(MethodInvocationHelper.java:62)
at org.testng.internal.ConfigInvoker.invokeConfigurationMethod(ConfigInvoker.java:385)
at org.testng.internal.ConfigInvoker.invokeConfigurations(ConfigInvoker.java:321)
at org.testng.TestRunner.invokeTestConfigurations(TestRunner.java:637)
at org.testng.TestRunner.beforeRun(TestRunner.java:627)
at org.testng.TestRunner.run(TestRunner.java:589)
at org.testng.SuiteRunner.runTest(SuiteRunner.java:377)
at org.testng.SuiteRunner.access$000(SuiteRunner.java:28)
at org.testng.SuiteRunner$SuiteWorker.run(SuiteRunner.java:418)
at org.testng.internal.thread.ThreadUtil.lambda$execute$0(ThreadUtil.java:64)
at java.base/java.util.concurrent.FutureTask.run(FutureTask.java:264)
at java.base/java.util.concurrent.ThreadPoolExecutor.runWorker(ThreadPoolExecutor.java:1136)
at java.base/java.util.concurrent.ThreadPoolExecutor$Worker.run(ThreadPoolExecutor.java:635)
at java.base/java.lang.Thread.run(Thread.java:833)
]]>
            </full-stacktrace>
          </exception> <!-- java.lang.IllegalStateException -->
          <reporter-output>
          </reporter-output>
        </test-method> <!-- verifyErrorMessageONSignUoPage -->
        <test-method is-config="true" signature="logOutFromApplication()[pri:0, instance:testNgpack.VerifySignUPPage@1cbbffcd]" started-at="2023-04-19T08:20:15 IST" name="logOutFromApplication" finished-at="1970-01-01T05:30:00 IST" duration-ms="-1681872615781" status="SKIP">
          <reporter-output>
          </reporter-output>
        </test-method> <!-- logOutFromApplication -->
        <test-method is-config="true" signature="goToForgotPasswordPage()[pri:0, instance:testNgpack.VerifySignUPPage@1cbbffcd]" started-at="2023-04-19T08:20:15 IST" name="goToForgotPasswordPage" finished-at="1970-01-01T05:30:00 IST" duration-ms="-1681872615784" status="SKIP">
          <reporter-output>
          </reporter-output>
        </test-method> <!-- goToForgotPasswordPage -->
        <test-method signature="verifySignUpFunctonality()[pri:0, instance:testNgpack.VerifySignUPPage@1cbbffcd]" started-at="2023-04-19T08:20:15 IST" name="verifySignUpFunctonality" finished-at="2023-04-19T08:20:15 IST" duration-ms="0" status="SKIP">
          <exception class="java.lang.IllegalStateException">
            <message>
              <![CDATA[The driver executable does not exist: C:\Users\akash\eclipse-workspace\2022\Q4\Maven_05thNov\src\test\resources\browserFile\chromedriver.exe]]>
            </message>
            <full-stacktrace>
              <![CDATA[java.lang.IllegalStateException: The driver executable does not exist: C:\Users\akash\eclipse-workspace\2022\Q4\Maven_05thNov\src\test\resources\browserFile\chromedriver.exe
at com.google.common.base.Preconditions.checkState(Preconditions.java:585)
at org.openqa.selenium.remote.service.DriverService.checkExecutable(DriverService.java:146)
at org.openqa.selenium.remote.service.DriverService.findExecutable(DriverService.java:141)
at org.openqa.selenium.chrome.ChromeDriverService.access$000(ChromeDriverService.java:35)
at org.openqa.selenium.chrome.ChromeDriverService$Builder.findDefaultExecutable(ChromeDriverService.java:159)
at org.openqa.selenium.remote.service.DriverService$Builder.build(DriverService.java:355)
at org.openqa.selenium.chrome.ChromeDriverService.createDefaultService(ChromeDriverService.java:94)
at org.openqa.selenium.chrome.ChromeDriver.<init>(ChromeDriver.java:123)
at browsersSetup.Base.openChromeBrowser(Base.java:12)
at testNgpack.VerifyForgotPasswordPage.openBrowser(VerifyForgotPasswordPage.java:51)
at java.base/jdk.internal.reflect.DirectMethodHandleAccessor.invoke(DirectMethodHandleAccessor.java:104)
at java.base/java.lang.reflect.Method.invoke(Method.java:577)
at org.testng.internal.MethodInvocationHelper.invokeMethod(MethodInvocationHelper.java:133)
at org.testng.internal.MethodInvocationHelper.invokeMethodConsideringTimeout(MethodInvocationHelper.java:62)
at org.testng.internal.ConfigInvoker.invokeConfigurationMethod(ConfigInvoker.java:385)
at org.testng.internal.ConfigInvoker.invokeConfigurations(ConfigInvoker.java:321)
at org.testng.TestRunner.invokeTestConfigurations(TestRunner.java:637)
at org.testng.TestRunner.beforeRun(TestRunner.java:627)
at org.testng.TestRunner.run(TestRunner.java:589)
at org.testng.SuiteRunner.runTest(SuiteRunner.java:377)
at org.testng.SuiteRunner.access$000(SuiteRunner.java:28)
at org.testng.SuiteRunner$SuiteWorker.run(SuiteRunner.java:418)
at org.testng.internal.thread.ThreadUtil.lambda$execute$0(ThreadUtil.java:64)
at java.base/java.util.concurrent.FutureTask.run(FutureTask.java:264)
at java.base/java.util.concurrent.ThreadPoolExecutor.runWorker(ThreadPoolExecutor.java:1136)
at java.base/java.util.concurrent.ThreadPoolExecutor$Worker.run(ThreadPoolExecutor.java:635)
at java.base/java.lang.Thread.run(Thread.java:833)
]]>
            </full-stacktrace>
          </exception> <!-- java.lang.IllegalStateException -->
          <reporter-output>
          </reporter-output>
        </test-method> <!-- verifySignUpFunctonality -->
        <test-method is-config="true" signature="logOutFromApplication()[pri:0, instance:testNgpack.VerifySignUPPage@1cbbffcd]" started-at="2023-04-19T08:20:15 IST" name="logOutFromApplication" finished-at="1970-01-01T05:30:00 IST" duration-ms="-1681872615791" status="SKIP">
          <reporter-output>
          </reporter-output>
        </test-method> <!-- logOutFromApplication -->
        <test-method is-config="true" signature="goToForgotPasswordPage()[pri:0, instance:testNgpack.VerifySignUPPage@1cbbffcd]" started-at="2023-04-19T08:20:15 IST" name="goToForgotPasswordPage" finished-at="1970-01-01T05:30:00 IST" duration-ms="-1681872615792" status="SKIP">
          <reporter-output>
          </reporter-output>
        </test-method> <!-- goToForgotPasswordPage -->
        <test-method signature="verifySignupHiddenElement()[pri:0, instance:testNgpack.VerifySignUPPage@1cbbffcd]" started-at="2023-04-19T08:20:15 IST" name="verifySignupHiddenElement" finished-at="2023-04-19T08:20:15 IST" duration-ms="0" status="SKIP">
          <exception class="java.lang.IllegalStateException">
            <message>
              <![CDATA[The driver executable does not exist: C:\Users\akash\eclipse-workspace\2022\Q4\Maven_05thNov\src\test\resources\browserFile\chromedriver.exe]]>
            </message>
            <full-stacktrace>
              <![CDATA[java.lang.IllegalStateException: The driver executable does not exist: C:\Users\akash\eclipse-workspace\2022\Q4\Maven_05thNov\src\test\resources\browserFile\chromedriver.exe
at com.google.common.base.Preconditions.checkState(Preconditions.java:585)
at org.openqa.selenium.remote.service.DriverService.checkExecutable(DriverService.java:146)
at org.openqa.selenium.remote.service.DriverService.findExecutable(DriverService.java:141)
at org.openqa.selenium.chrome.ChromeDriverService.access$000(ChromeDriverService.java:35)
at org.openqa.selenium.chrome.ChromeDriverService$Builder.findDefaultExecutable(ChromeDriverService.java:159)
at org.openqa.selenium.remote.service.DriverService$Builder.build(DriverService.java:355)
at org.openqa.selenium.chrome.ChromeDriverService.createDefaultService(ChromeDriverService.java:94)
at org.openqa.selenium.chrome.ChromeDriver.<init>(ChromeDriver.java:123)
at browsersSetup.Base.openChromeBrowser(Base.java:12)
at testNgpack.VerifyForgotPasswordPage.openBrowser(VerifyForgotPasswordPage.java:51)
at java.base/jdk.internal.reflect.DirectMethodHandleAccessor.invoke(DirectMethodHandleAccessor.java:104)
at java.base/java.lang.reflect.Method.invoke(Method.java:577)
at org.testng.internal.MethodInvocationHelper.invokeMethod(MethodInvocationHelper.java:133)
at org.testng.internal.MethodInvocationHelper.invokeMethodConsideringTimeout(MethodInvocationHelper.java:62)
at org.testng.internal.ConfigInvoker.invokeConfigurationMethod(ConfigInvoker.java:385)
at org.testng.internal.ConfigInvoker.invokeConfigurations(ConfigInvoker.java:321)
at org.testng.TestRunner.invokeTestConfigurations(TestRunner.java:637)
at org.testng.TestRunner.beforeRun(TestRunner.java:627)
at org.testng.TestRunner.run(TestRunner.java:589)
at org.testng.SuiteRunner.runTest(SuiteRunner.java:377)
at org.testng.SuiteRunner.access$000(SuiteRunner.java:28)
at org.testng.SuiteRunner$SuiteWorker.run(SuiteRunner.java:418)
at org.testng.internal.thread.ThreadUtil.lambda$execute$0(ThreadUtil.java:64)
at java.base/java.util.concurrent.FutureTask.run(FutureTask.java:264)
at java.base/java.util.concurrent.ThreadPoolExecutor.runWorker(ThreadPoolExecutor.java:1136)
at java.base/java.util.concurrent.ThreadPoolExecutor$Worker.run(ThreadPoolExecutor.java:635)
at java.base/java.lang.Thread.run(Thread.java:833)
]]>
            </full-stacktrace>
          </exception> <!-- java.lang.IllegalStateException -->
          <reporter-output>
          </reporter-output>
        </test-method> <!-- verifySignupHiddenElement -->
        <test-method is-config="true" signature="logOutFromApplication()[pri:0, instance:testNgpack.VerifySignUPPage@1cbbffcd]" started-at="2023-04-19T08:20:15 IST" name="logOutFromApplication" finished-at="1970-01-01T05:30:00 IST" duration-ms="-1681872615806" status="SKIP">
          <reporter-output>
          </reporter-output>
        </test-method> <!-- logOutFromApplication -->
        <test-method is-config="true" signature="clearObjects()[pri:0, instance:testNgpack.VerifySignUPPage@1cbbffcd]" started-at="2023-04-19T08:20:15 IST" name="clearObjects" finished-at="1970-01-01T05:30:00 IST" duration-ms="-1681872615809" status="SKIP">
          <reporter-output>
          </reporter-output>
        </test-method> <!-- clearObjects -->
        <test-method is-config="true" signature="closedBrowser()[pri:0, instance:testNgpack.VerifySignUPPage@1cbbffcd]" started-at="2023-04-19T08:20:15 IST" name="closedBrowser" finished-at="1970-01-01T05:30:00 IST" duration-ms="-1681872615822" status="SKIP">
          <reporter-output>
          </reporter-output>
        </test-method> <!-- closedBrowser -->
      </class> <!-- testNgpack.VerifySignUPPage -->
      <class name="testNgpack.VerifyForgotPasswordPage">
        <test-method is-config="true" signature="openBrowser(java.lang.String)[pri:0, instance:testNgpack.VerifyForgotPasswordPage@15c43bd9]" started-at="2023-04-19T08:20:15 IST" name="openBrowser" finished-at="2023-04-19T08:20:15 IST" duration-ms="320" status="FAIL">
          <params>
            <param index="0">
              <value>
                <![CDATA[Chrome]]>
              </value>
            </param>
          </params>
          <exception class="java.lang.IllegalStateException">
            <message>
              <![CDATA[The driver executable does not exist: C:\Users\akash\eclipse-workspace\2022\Q4\Maven_05thNov\src\test\resources\browserFile\chromedriver.exe]]>
            </message>
            <full-stacktrace>
              <![CDATA[java.lang.IllegalStateException: The driver executable does not exist: C:\Users\akash\eclipse-workspace\2022\Q4\Maven_05thNov\src\test\resources\browserFile\chromedriver.exe
at com.google.common.base.Preconditions.checkState(Preconditions.java:585)
at org.openqa.selenium.remote.service.DriverService.checkExecutable(DriverService.java:146)
at org.openqa.selenium.remote.service.DriverService.findExecutable(DriverService.java:141)
at org.openqa.selenium.chrome.ChromeDriverService.access$000(ChromeDriverService.java:35)
at org.openqa.selenium.chrome.ChromeDriverService$Builder.findDefaultExecutable(ChromeDriverService.java:159)
at org.openqa.selenium.remote.service.DriverService$Builder.build(DriverService.java:355)
at org.openqa.selenium.chrome.ChromeDriverService.createDefaultService(ChromeDriverService.java:94)
at org.openqa.selenium.chrome.ChromeDriver.<init>(ChromeDriver.java:123)
at browsersSetup.Base.openChromeBrowser(Base.java:12)
at testNgpack.VerifyForgotPasswordPage.openBrowser(VerifyForgotPasswordPage.java:51)
at java.base/jdk.internal.reflect.DirectMethodHandleAccessor.invoke(DirectMethodHandleAccessor.java:104)
at java.base/java.lang.reflect.Method.invoke(Method.java:577)
at org.testng.internal.MethodInvocationHelper.invokeMethod(MethodInvocationHelper.java:133)
at org.testng.internal.MethodInvocationHelper.invokeMethodConsideringTimeout(MethodInvocationHelper.java:62)
at org.testng.internal.ConfigInvoker.invokeConfigurationMethod(ConfigInvoker.java:385)
at org.testng.internal.ConfigInvoker.invokeConfigurations(ConfigInvoker.java:321)
at org.testng.TestRunner.invokeTestConfigurations(TestRunner.java:637)
at org.testng.TestRunner.beforeRun(TestRunner.java:627)
at org.testng.TestRunner.run(TestRunner.java:589)
at org.testng.SuiteRunner.runTest(SuiteRunner.java:377)
at org.testng.SuiteRunner.access$000(SuiteRunner.java:28)
at org.testng.SuiteRunner$SuiteWorker.run(SuiteRunner.java:418)
at org.testng.internal.thread.ThreadUtil.lambda$execute$0(ThreadUtil.java:64)
at java.base/java.util.concurrent.FutureTask.run(FutureTask.java:264)
at java.base/java.util.concurrent.ThreadPoolExecutor.runWorker(ThreadPoolExecutor.java:1136)
at java.base/java.util.concurrent.ThreadPoolExecutor$Worker.run(ThreadPoolExecutor.java:635)
at java.base/java.lang.Thread.run(Thread.java:833)
]]>
            </full-stacktrace>
          </exception> <!-- java.lang.IllegalStateException -->
          <reporter-output>
          </reporter-output>
        </test-method> <!-- openBrowser -->
        <test-method is-config="true" signature="creatPOMObject()[pri:0, instance:testNgpack.VerifyForgotPasswordPage@15c43bd9]" started-at="2023-04-19T08:20:15 IST" name="creatPOMObject" finished-at="1970-01-01T05:30:00 IST" duration-ms="-1681872615769" status="SKIP">
          <reporter-output>
          </reporter-output>
        </test-method> <!-- creatPOMObject -->
        <test-method is-config="true" signature="goToForgotPasswordPage()[pri:0, instance:testNgpack.VerifyForgotPasswordPage@15c43bd9]" started-at="2023-04-19T08:20:15 IST" name="goToForgotPasswordPage" finished-at="1970-01-01T05:30:00 IST" duration-ms="-1681872615776" status="SKIP">
          <reporter-output>
          </reporter-output>
        </test-method> <!-- goToForgotPasswordPage -->
        <test-method signature="verifyCancelButtonOnForgotPasswordPage()[pri:0, instance:testNgpack.VerifyForgotPasswordPage@15c43bd9]" started-at="2023-04-19T08:20:15 IST" name="verifyCancelButtonOnForgotPasswordPage" finished-at="2023-04-19T08:20:15 IST" duration-ms="0" status="SKIP">
          <exception class="java.lang.IllegalStateException">
            <message>
              <![CDATA[The driver executable does not exist: C:\Users\akash\eclipse-workspace\2022\Q4\Maven_05thNov\src\test\resources\browserFile\chromedriver.exe]]>
            </message>
            <full-stacktrace>
              <![CDATA[java.lang.IllegalStateException: The driver executable does not exist: C:\Users\akash\eclipse-workspace\2022\Q4\Maven_05thNov\src\test\resources\browserFile\chromedriver.exe
at com.google.common.base.Preconditions.checkState(Preconditions.java:585)
at org.openqa.selenium.remote.service.DriverService.checkExecutable(DriverService.java:146)
at org.openqa.selenium.remote.service.DriverService.findExecutable(DriverService.java:141)
at org.openqa.selenium.chrome.ChromeDriverService.access$000(ChromeDriverService.java:35)
at org.openqa.selenium.chrome.ChromeDriverService$Builder.findDefaultExecutable(ChromeDriverService.java:159)
at org.openqa.selenium.remote.service.DriverService$Builder.build(DriverService.java:355)
at org.openqa.selenium.chrome.ChromeDriverService.createDefaultService(ChromeDriverService.java:94)
at org.openqa.selenium.chrome.ChromeDriver.<init>(ChromeDriver.java:123)
at browsersSetup.Base.openChromeBrowser(Base.java:12)
at testNgpack.VerifyForgotPasswordPage.openBrowser(VerifyForgotPasswordPage.java:51)
at java.base/jdk.internal.reflect.DirectMethodHandleAccessor.invoke(DirectMethodHandleAccessor.java:104)
at java.base/java.lang.reflect.Method.invoke(Method.java:577)
at org.testng.internal.MethodInvocationHelper.invokeMethod(MethodInvocationHelper.java:133)
at org.testng.internal.MethodInvocationHelper.invokeMethodConsideringTimeout(MethodInvocationHelper.java:62)
at org.testng.internal.ConfigInvoker.invokeConfigurationMethod(ConfigInvoker.java:385)
at org.testng.internal.ConfigInvoker.invokeConfigurations(ConfigInvoker.java:321)
at org.testng.TestRunner.invokeTestConfigurations(TestRunner.java:637)
at org.testng.TestRunner.beforeRun(TestRunner.java:627)
at org.testng.TestRunner.run(TestRunner.java:589)
at org.testng.SuiteRunner.runTest(SuiteRunner.java:377)
at org.testng.SuiteRunner.access$000(SuiteRunner.java:28)
at org.testng.SuiteRunner$SuiteWorker.run(SuiteRunner.java:418)
at org.testng.internal.thread.ThreadUtil.lambda$execute$0(ThreadUtil.java:64)
at java.base/java.util.concurrent.FutureTask.run(FutureTask.java:264)
at java.base/java.util.concurrent.ThreadPoolExecutor.runWorker(ThreadPoolExecutor.java:1136)
at java.base/java.util.concurrent.ThreadPoolExecutor$Worker.run(ThreadPoolExecutor.java:635)
at java.base/java.lang.Thread.run(Thread.java:833)
]]>
            </full-stacktrace>
          </exception> <!-- java.lang.IllegalStateException -->
          <reporter-output>
          </reporter-output>
        </test-method> <!-- verifyCancelButtonOnForgotPasswordPage -->
        <test-method is-config="true" signature="logOutFromApplication(org.testng.ITestResult)[pri:0, instance:testNgpack.VerifyForgotPasswordPage@15c43bd9]" started-at="2023-04-19T08:20:15 IST" name="logOutFromApplication" finished-at="1970-01-01T05:30:00 IST" duration-ms="-1681872615790" status="SKIP">
          <reporter-output>
          </reporter-output>
        </test-method> <!-- logOutFromApplication -->
        <test-method is-config="true" signature="goToForgotPasswordPage()[pri:0, instance:testNgpack.VerifyForgotPasswordPage@15c43bd9]" started-at="2023-04-19T08:20:15 IST" name="goToForgotPasswordPage" finished-at="1970-01-01T05:30:00 IST" duration-ms="-1681872615794" status="SKIP">
          <reporter-output>
          </reporter-output>
        </test-method> <!-- goToForgotPasswordPage -->
        <test-method signature="verifyMessageOnForgotPasswordPage()[pri:0, instance:testNgpack.VerifyForgotPasswordPage@15c43bd9]" started-at="2023-04-19T08:20:15 IST" name="verifyMessageOnForgotPasswordPage" finished-at="2023-04-19T08:20:15 IST" duration-ms="1" status="SKIP">
          <exception class="java.lang.IllegalStateException">
            <message>
              <![CDATA[The driver executable does not exist: C:\Users\akash\eclipse-workspace\2022\Q4\Maven_05thNov\src\test\resources\browserFile\chromedriver.exe]]>
            </message>
            <full-stacktrace>
              <![CDATA[java.lang.IllegalStateException: The driver executable does not exist: C:\Users\akash\eclipse-workspace\2022\Q4\Maven_05thNov\src\test\resources\browserFile\chromedriver.exe
at com.google.common.base.Preconditions.checkState(Preconditions.java:585)
at org.openqa.selenium.remote.service.DriverService.checkExecutable(DriverService.java:146)
at org.openqa.selenium.remote.service.DriverService.findExecutable(DriverService.java:141)
at org.openqa.selenium.chrome.ChromeDriverService.access$000(ChromeDriverService.java:35)
at org.openqa.selenium.chrome.ChromeDriverService$Builder.findDefaultExecutable(ChromeDriverService.java:159)
at org.openqa.selenium.remote.service.DriverService$Builder.build(DriverService.java:355)
at org.openqa.selenium.chrome.ChromeDriverService.createDefaultService(ChromeDriverService.java:94)
at org.openqa.selenium.chrome.ChromeDriver.<init>(ChromeDriver.java:123)
at browsersSetup.Base.openChromeBrowser(Base.java:12)
at testNgpack.VerifyForgotPasswordPage.openBrowser(VerifyForgotPasswordPage.java:51)
at java.base/jdk.internal.reflect.DirectMethodHandleAccessor.invoke(DirectMethodHandleAccessor.java:104)
at java.base/java.lang.reflect.Method.invoke(Method.java:577)
at org.testng.internal.MethodInvocationHelper.invokeMethod(MethodInvocationHelper.java:133)
at org.testng.internal.MethodInvocationHelper.invokeMethodConsideringTimeout(MethodInvocationHelper.java:62)
at org.testng.internal.ConfigInvoker.invokeConfigurationMethod(ConfigInvoker.java:385)
at org.testng.internal.ConfigInvoker.invokeConfigurations(ConfigInvoker.java:321)
at org.testng.TestRunner.invokeTestConfigurations(TestRunner.java:637)
at org.testng.TestRunner.beforeRun(TestRunner.java:627)
at org.testng.TestRunner.run(TestRunner.java:589)
at org.testng.SuiteRunner.runTest(SuiteRunner.java:377)
at org.testng.SuiteRunner.access$000(SuiteRunner.java:28)
at org.testng.SuiteRunner$SuiteWorker.run(SuiteRunner.java:418)
at org.testng.internal.thread.ThreadUtil.lambda$execute$0(ThreadUtil.java:64)
at java.base/java.util.concurrent.FutureTask.run(FutureTask.java:264)
at java.base/java.util.concurrent.ThreadPoolExecutor.runWorker(ThreadPoolExecutor.java:1136)
at java.base/java.util.concurrent.ThreadPoolExecutor$Worker.run(ThreadPoolExecutor.java:635)
at java.base/java.lang.Thread.run(Thread.java:833)
]]>
            </full-stacktrace>
          </exception> <!-- java.lang.IllegalStateException -->
          <reporter-output>
          </reporter-output>
        </test-method> <!-- verifyMessageOnForgotPasswordPage -->
        <test-method is-config="true" signature="logOutFromApplication(org.testng.ITestResult)[pri:0, instance:testNgpack.VerifyForgotPasswordPage@15c43bd9]" started-at="2023-04-19T08:20:15 IST" name="logOutFromApplication" finished-at="1970-01-01T05:30:00 IST" duration-ms="-1681872615812" status="SKIP">
          <reporter-output>
          </reporter-output>
        </test-method> <!-- logOutFromApplication -->
        <test-method is-config="true" signature="goToForgotPasswordPage()[pri:0, instance:testNgpack.VerifyForgotPasswordPage@15c43bd9]" started-at="2023-04-19T08:20:15 IST" name="goToForgotPasswordPage" finished-at="1970-01-01T05:30:00 IST" duration-ms="-1681872615814" status="SKIP">
          <reporter-output>
          </reporter-output>
        </test-method> <!-- goToForgotPasswordPage -->
        <test-method signature="verifySearchFunctionOnForgotPasswordPage()[pri:0, instance:testNgpack.VerifyForgotPasswordPage@15c43bd9]" started-at="2023-04-19T08:20:15 IST" name="verifySearchFunctionOnForgotPasswordPage" finished-at="2023-04-19T08:20:15 IST" duration-ms="0" status="SKIP">
          <exception class="java.lang.IllegalStateException">
            <message>
              <![CDATA[The driver executable does not exist: C:\Users\akash\eclipse-workspace\2022\Q4\Maven_05thNov\src\test\resources\browserFile\chromedriver.exe]]>
            </message>
            <full-stacktrace>
              <![CDATA[java.lang.IllegalStateException: The driver executable does not exist: C:\Users\akash\eclipse-workspace\2022\Q4\Maven_05thNov\src\test\resources\browserFile\chromedriver.exe
at com.google.common.base.Preconditions.checkState(Preconditions.java:585)
at org.openqa.selenium.remote.service.DriverService.checkExecutable(DriverService.java:146)
at org.openqa.selenium.remote.service.DriverService.findExecutable(DriverService.java:141)
at org.openqa.selenium.chrome.ChromeDriverService.access$000(ChromeDriverService.java:35)
at org.openqa.selenium.chrome.ChromeDriverService$Builder.findDefaultExecutable(ChromeDriverService.java:159)
at org.openqa.selenium.remote.service.DriverService$Builder.build(DriverService.java:355)
at org.openqa.selenium.chrome.ChromeDriverService.createDefaultService(ChromeDriverService.java:94)
at org.openqa.selenium.chrome.ChromeDriver.<init>(ChromeDriver.java:123)
at browsersSetup.Base.openChromeBrowser(Base.java:12)
at testNgpack.VerifyForgotPasswordPage.openBrowser(VerifyForgotPasswordPage.java:51)
at java.base/jdk.internal.reflect.DirectMethodHandleAccessor.invoke(DirectMethodHandleAccessor.java:104)
at java.base/java.lang.reflect.Method.invoke(Method.java:577)
at org.testng.internal.MethodInvocationHelper.invokeMethod(MethodInvocationHelper.java:133)
at org.testng.internal.MethodInvocationHelper.invokeMethodConsideringTimeout(MethodInvocationHelper.java:62)
at org.testng.internal.ConfigInvoker.invokeConfigurationMethod(ConfigInvoker.java:385)
at org.testng.internal.ConfigInvoker.invokeConfigurations(ConfigInvoker.java:321)
at org.testng.TestRunner.invokeTestConfigurations(TestRunner.java:637)
at org.testng.TestRunner.beforeRun(TestRunner.java:627)
at org.testng.TestRunner.run(TestRunner.java:589)
at org.testng.SuiteRunner.runTest(SuiteRunner.java:377)
at org.testng.SuiteRunner.access$000(SuiteRunner.java:28)
at org.testng.SuiteRunner$SuiteWorker.run(SuiteRunner.java:418)
at org.testng.internal.thread.ThreadUtil.lambda$execute$0(ThreadUtil.java:64)
at java.base/java.util.concurrent.FutureTask.run(FutureTask.java:264)
at java.base/java.util.concurrent.ThreadPoolExecutor.runWorker(ThreadPoolExecutor.java:1136)
at java.base/java.util.concurrent.ThreadPoolExecutor$Worker.run(ThreadPoolExecutor.java:635)
at java.base/java.lang.Thread.run(Thread.java:833)
]]>
            </full-stacktrace>
          </exception> <!-- java.lang.IllegalStateException -->
          <reporter-output>
          </reporter-output>
        </test-method> <!-- verifySearchFunctionOnForgotPasswordPage -->
        <test-method is-config="true" signature="logOutFromApplication(org.testng.ITestResult)[pri:0, instance:testNgpack.VerifyForgotPasswordPage@15c43bd9]" started-at="2023-04-19T08:20:15 IST" name="logOutFromApplication" finished-at="1970-01-01T05:30:00 IST" duration-ms="-1681872615817" status="SKIP">
          <reporter-output>
          </reporter-output>
        </test-method> <!-- logOutFromApplication -->
        <test-method is-config="true" signature="clearObjects()[pri:0, instance:testNgpack.VerifyForgotPasswordPage@15c43bd9]" started-at="2023-04-19T08:20:15 IST" name="clearObjects" finished-at="1970-01-01T05:30:00 IST" duration-ms="-1681872615818" status="SKIP">
          <reporter-output>
          </reporter-output>
        </test-method> <!-- clearObjects -->
        <test-method is-config="true" signature="closedBrowser()[pri:0, instance:testNgpack.VerifyForgotPasswordPage@15c43bd9]" started-at="2023-04-19T08:20:15 IST" name="closedBrowser" finished-at="1970-01-01T05:30:00 IST" duration-ms="-1681872615821" status="SKIP">
          <reporter-output>
          </reporter-output>
        </test-method> <!-- closedBrowser -->
      </class> <!-- testNgpack.VerifyForgotPasswordPage -->
    </test> <!-- ChromeTest -->
  </suite> <!-- Suite1234 -->
</testng-results>
